DEB [20130220-17:59:09.702] thr=1   paramiko.transport: starting thread (client mode): 0xf7832decL
INF [20130220-17:59:09.706] thr=1   paramiko.transport: Connected (version 2.0, client OpenSSH_4.3)
DEB [20130220-17:59:09.708] thr=1   paramiko.transport: kex algos:['diffie-hellman-group-exchange-sha1', 'diffie-hellman-group14-sha1', 'diffie-hellman-group1-sha1'] server key:['ssh-rsa', 'ssh-dss'] client encrypt:['aes128-cbc', '3des-cbc', 'blowfish-cbc', 'cast128-cbc', 'arcfour128', 'arcfour256', 'arcfour', 'aes192-cbc', 'aes256-cbc', 'rijndael-cbc@lysator.liu.se', 'aes128-ctr', 'aes192-ctr', 'aes256-ctr'] server encrypt:['aes128-cbc', '3des-cbc', 'blowfish-cbc', 'cast128-cbc', 'arcfour128', 'arcfour256', 'arcfour', 'aes192-cbc', 'aes256-cbc', 'rijndael-cbc@lysator.liu.se', 'aes128-ctr', 'aes192-ctr', 'aes256-ctr'] client mac:['hmac-md5', 'hmac-sha1', 'hmac-ripemd160', 'hmac-ripemd160@openssh.com', 'hmac-sha1-96', 'hmac-md5-96'] server mac:['hmac-md5', 'hmac-sha1', 'hmac-ripemd160', 'hmac-ripemd160@openssh.com', 'hmac-sha1-96', 'hmac-md5-96'] client compress:['none', 'zlib@openssh.com'] server compress:['none', 'zlib@openssh.com'] client lang:[''] server lang:[''] kex follows?False
DEB [20130220-17:59:09.709] thr=1   paramiko.transport: Ciphers agreed: local=aes128-ctr, remote=aes128-ctr
DEB [20130220-17:59:09.709] thr=1   paramiko.transport: using kex diffie-hellman-group1-sha1; server key type ssh-rsa; cipher: local aes128-ctr, remote aes128-ctr; mac: local hmac-sha1, remote hmac-sha1; compression: local none, remote none
DEB [20130220-17:59:09.818] thr=1   paramiko.transport: Switch to new keys ...
DEB [20130220-17:59:09.819] thr=2   paramiko.transport: Attempting password auth...
DEB [20130220-17:59:09.857] thr=1   paramiko.transport: userauth is OK
INF [20130220-17:59:09.906] thr=1   paramiko.transport: Authentication (password) successful!
DEB [20130220-17:59:09.922] thr=2   paramiko.transport: [chan 1] Max packet in: 34816 bytes
DEB [20130220-17:59:09.928] thr=1   paramiko.transport: [chan 1] Max packet out: 32768 bytes
INF [20130220-17:59:09.928] thr=1   paramiko.transport: Secsh channel 1 opened.
DEB [20130220-17:59:10.045] thr=1   paramiko.transport: [chan 1] Sesch channel 1 request ok
INF [20130220-17:59:10.056] thr=2   paramiko.transport.sftp: [chan 1] Opened sftp connection (server version 3)
DEB [20130220-17:59:10.056] thr=2   paramiko.transport.sftp: [chan 1] stat('/opt/zenpacks')
DEB [20130220-17:59:10.057] thr=2   paramiko.transport.sftp: [chan 1] listdir('/opt/zenpacks')
DEB [20130220-17:59:10.065] thr=2   paramiko.transport.sftp: [chan 1] stat('/opt/zenpacks/dir2')
DEB [20130220-17:59:10.066] thr=2   paramiko.transport.sftp: [chan 1] listdir('/opt/zenpacks/dir2')
DEB [20130220-17:59:10.071] thr=2   paramiko.transport.sftp: [chan 1] stat('/opt/zenpacks/dir2/dir2.1')
DEB [20130220-17:59:10.072] thr=2   paramiko.transport.sftp: [chan 1] listdir('/opt/zenpacks/dir2/dir2.1')
DEB [20130220-17:59:10.077] thr=2   paramiko.transport.sftp: [chan 1] stat('/opt/zenpacks/dir2/dir2.1/2.1.1')
DEB [20130220-17:59:10.078] thr=2   paramiko.transport.sftp: [chan 1] listdir('/opt/zenpacks/dir2/dir2.1/2.1.1')
DEB [20130220-17:59:10.083] thr=2   paramiko.transport.sftp: [chan 1] stat('/opt/zenpacks/dir2/dir2.1/2.1.1/file.txt')
DEB [20130220-17:59:10.084] thr=2   paramiko.transport.sftp: [chan 1] stat('/opt/zenpacks/dir567')
DEB [20130220-17:59:10.085] thr=2   paramiko.transport.sftp: [chan 1] listdir('/opt/zenpacks/dir567')
DEB [20130220-17:59:10.090] thr=2   paramiko.transport.sftp: [chan 1] stat('/opt/zenpacks/dir567/file.txt')
DEB [20130220-17:59:10.091] thr=2   paramiko.transport.sftp: [chan 1] stat('/opt/zenpacks/dir567/dir567.1')
DEB [20130220-17:59:10.092] thr=2   paramiko.transport.sftp: [chan 1] listdir('/opt/zenpacks/dir567/dir567.1')
DEB [20130220-17:59:10.097] thr=2   paramiko.transport.sftp: [chan 1] stat('/opt/zenpacks/dir567/dir567.1/file.txt')
DEB [20130220-17:59:10.098] thr=2   paramiko.transport.sftp: [chan 1] stat('/opt/zenpacks/dir111')
DEB [20130220-17:59:10.099] thr=2   paramiko.transport.sftp: [chan 1] listdir('/opt/zenpacks/dir111')
DEB [20130220-17:59:10.104] thr=2   paramiko.transport.sftp: [chan 1] stat('/opt/zenpacks/ZenPacks.skills1st.bridge.zip')
DEB [20130220-17:59:10.105] thr=2   paramiko.transport.sftp: [chan 1] stat('/opt/zenpacks/ZenPacks.skills1st.bridge')
DEB [20130220-17:59:10.106] thr=2   paramiko.transport.sftp: [chan 1] listdir('/opt/zenpacks/ZenPacks.skills1st.bridge')
DEB [20130220-17:59:10.112] thr=2   paramiko.transport.sftp: [chan 1] stat('/opt/zenpacks/ZenPacks.skills1st.bridge/README.txt')
DEB [20130220-17:59:10.113] thr=2   paramiko.transport.sftp: [chan 1] stat('/opt/zenpacks/ZenPacks.skills1st.bridge/ZenPacks')
DEB [20130220-17:59:10.114] thr=2   paramiko.transport.sftp: [chan 1] listdir('/opt/zenpacks/ZenPacks.skills1st.bridge/ZenPacks')
DEB [20130220-17:59:10.119] thr=2   paramiko.transport.sftp: [chan 1] stat('/opt/zenpacks/ZenPacks.skills1st.bridge/ZenPacks/__init__.pyc')
DEB [20130220-17:59:10.121] thr=2   paramiko.transport.sftp: [chan 1] stat('/opt/zenpacks/ZenPacks.skills1st.bridge/ZenPacks/__init__.py')
DEB [20130220-17:59:10.122] thr=2   paramiko.transport.sftp: [chan 1] stat('/opt/zenpacks/ZenPacks.skills1st.bridge/ZenPacks/skills1st')
DEB [20130220-17:59:10.123] thr=2   paramiko.transport.sftp: [chan 1] listdir('/opt/zenpacks/ZenPacks.skills1st.bridge/ZenPacks/skills1st')
DEB [20130220-17:59:10.168] thr=2   paramiko.transport.sftp: [chan 1] stat('/opt/zenpacks/ZenPacks.skills1st.bridge/ZenPacks/skills1st/bridge')
DEB [20130220-17:59:10.169] thr=2   paramiko.transport.sftp: [chan 1] listdir('/opt/zenpacks/ZenPacks.skills1st.bridge/ZenPacks/skills1st/bridge')
DEB [20130220-17:59:10.179] thr=2   paramiko.transport.sftp: [chan 1] stat('/opt/zenpacks/ZenPacks.skills1st.bridge/ZenPacks/skills1st/bridge/skins')
DEB [20130220-17:59:10.180] thr=2   paramiko.transport.sftp: [chan 1] listdir('/opt/zenpacks/ZenPacks.skills1st.bridge/ZenPacks/skills1st/bridge/skins')
DEB [20130220-17:59:10.185] thr=2   paramiko.transport.sftp: [chan 1] stat('/opt/zenpacks/ZenPacks.skills1st.bridge/ZenPacks/skills1st/bridge/skins/ZenPacks.skills1st.bridge')
DEB [20130220-17:59:10.186] thr=2   paramiko.transport.sftp: [chan 1] listdir('/opt/zenpacks/ZenPacks.skills1st.bridge/ZenPacks/skills1st/bridge/skins/ZenPacks.skills1st.bridge')
DEB [20130220-17:59:10.191] thr=2   paramiko.transport.sftp: [chan 1] stat('/opt/zenpacks/ZenPacks.skills1st.bridge/ZenPacks/skills1st/bridge/skins/ZenPacks.skills1st.bridge/placeholder.txt')
DEB [20130220-17:59:10.193] thr=2   paramiko.transport.sftp: [chan 1] stat('/opt/zenpacks/ZenPacks.skills1st.bridge/ZenPacks/skills1st/bridge/skins/ZenPacks.skills1st.bridge/BridgeDeviceDetail.pt')
DEB [20130220-17:59:10.194] thr=2   paramiko.transport.sftp: [chan 1] stat('/opt/zenpacks/ZenPacks.skills1st.bridge/ZenPacks/skills1st/bridge/skins/ZenPacks.skills1st.bridge/viewBridgeInterface.pt')
DEB [20130220-17:59:10.195] thr=2   paramiko.transport.sftp: [chan 1] stat('/opt/zenpacks/ZenPacks.skills1st.bridge/ZenPacks/skills1st/bridge/BridgeInterface.pyc')
DEB [20130220-17:59:10.196] thr=2   paramiko.transport.sftp: [chan 1] stat('/opt/zenpacks/ZenPacks.skills1st.bridge/ZenPacks/skills1st/bridge/interfaces.pyc')
DEB [20130220-17:59:10.198] thr=2   paramiko.transport.sftp: [chan 1] stat('/opt/zenpacks/ZenPacks.skills1st.bridge/ZenPacks/skills1st/bridge/lib')
DEB [20130220-17:59:10.199] thr=2   paramiko.transport.sftp: [chan 1] listdir('/opt/zenpacks/ZenPacks.skills1st.bridge/ZenPacks/skills1st/bridge/lib')
DEB [20130220-17:59:10.203] thr=2   paramiko.transport.sftp: [chan 1] stat('/opt/zenpacks/ZenPacks.skills1st.bridge/ZenPacks/skills1st/bridge/lib/__init__.py')
DEB [20130220-17:59:10.205] thr=2   paramiko.transport.sftp: [chan 1] stat('/opt/zenpacks/ZenPacks.skills1st.bridge/ZenPacks/skills1st/bridge/info.pyc')
DEB [20130220-17:59:10.206] thr=2   paramiko.transport.sftp: [chan 1] stat('/opt/zenpacks/ZenPacks.skills1st.bridge/ZenPacks/skills1st/bridge/migrate')
DEB [20130220-17:59:10.207] thr=2   paramiko.transport.sftp: [chan 1] listdir('/opt/zenpacks/ZenPacks.skills1st.bridge/ZenPacks/skills1st/bridge/migrate')
DEB [20130220-17:59:10.252] thr=2   paramiko.transport.sftp: [chan 1] stat('/opt/zenpacks/ZenPacks.skills1st.bridge/ZenPacks/skills1st/bridge/migrate/Menu.pyc')
DEB [20130220-17:59:10.254] thr=2   paramiko.transport.sftp: [chan 1] stat('/opt/zenpacks/ZenPacks.skills1st.bridge/ZenPacks/skills1st/bridge/migrate/Menu.py')
DEB [20130220-17:59:10.255] thr=2   paramiko.transport.sftp: [chan 1] stat('/opt/zenpacks/ZenPacks.skills1st.bridge/ZenPacks/skills1st/bridge/migrate/__init__.py')
DEB [20130220-17:59:10.256] thr=2   paramiko.transport.sftp: [chan 1] stat('/opt/zenpacks/ZenPacks.skills1st.bridge/ZenPacks/skills1st/bridge/BridgeInterface.py.noPortComment')
DEB [20130220-17:59:10.257] thr=2   paramiko.transport.sftp: [chan 1] stat('/opt/zenpacks/ZenPacks.skills1st.bridge/ZenPacks/skills1st/bridge/interfaces.py')
DEB [20130220-17:59:10.259] thr=2   paramiko.transport.sftp: [chan 1] stat('/opt/zenpacks/ZenPacks.skills1st.bridge/ZenPacks/skills1st/bridge/configure.zcml')
DEB [20130220-17:59:10.260] thr=2   paramiko.transport.sftp: [chan 1] stat('/opt/zenpacks/ZenPacks.skills1st.bridge/ZenPacks/skills1st/bridge/BridgeDevice.py')
DEB [20130220-17:59:10.261] thr=2   paramiko.transport.sftp: [chan 1] stat('/opt/zenpacks/ZenPacks.skills1st.bridge/ZenPacks/skills1st/bridge/info.py.noPortComment')
DEB [20130220-17:59:10.262] thr=2   paramiko.transport.sftp: [chan 1] stat('/opt/zenpacks/ZenPacks.skills1st.bridge/ZenPacks/skills1st/bridge/__init__.pyc')
DEB [20130220-17:59:10.263] thr=2   paramiko.transport.sftp: [chan 1] stat('/opt/zenpacks/ZenPacks.skills1st.bridge/ZenPacks/skills1st/bridge/BridgeDevice.pyc')
DEB [20130220-17:59:10.265] thr=2   paramiko.transport.sftp: [chan 1] stat('/opt/zenpacks/ZenPacks.skills1st.bridge/ZenPacks/skills1st/bridge/interfaces.py.noPortComment')
DEB [20130220-17:59:10.266] thr=2   paramiko.transport.sftp: [chan 1] stat('/opt/zenpacks/ZenPacks.skills1st.bridge/ZenPacks/skills1st/bridge/__init__.py')
DEB [20130220-17:59:10.267] thr=2   paramiko.transport.sftp: [chan 1] stat('/opt/zenpacks/ZenPacks.skills1st.bridge/ZenPacks/skills1st/bridge/interfaces.py.full')
DEB [20130220-17:59:10.269] thr=2   paramiko.transport.sftp: [chan 1] stat('/opt/zenpacks/ZenPacks.skills1st.bridge/ZenPacks/skills1st/bridge/resources')
DEB [20130220-17:59:10.270] thr=2   paramiko.transport.sftp: [chan 1] listdir('/opt/zenpacks/ZenPacks.skills1st.bridge/ZenPacks/skills1st/bridge/resources')
DEB [20130220-17:59:10.275] thr=2   paramiko.transport.sftp: [chan 1] stat('/opt/zenpacks/ZenPacks.skills1st.bridge/ZenPacks/skills1st/bridge/resources/bridge.js.old')
DEB [20130220-17:59:10.276] thr=2   paramiko.transport.sftp: [chan 1] stat('/opt/zenpacks/ZenPacks.skills1st.bridge/ZenPacks/skills1st/bridge/resources/bridge.js')
DEB [20130220-17:59:10.277] thr=2   paramiko.transport.sftp: [chan 1] stat('/opt/zenpacks/ZenPacks.skills1st.bridge/ZenPacks/skills1st/bridge/info.py')
DEB [20130220-17:59:10.278] thr=2   paramiko.transport.sftp: [chan 1] stat('/opt/zenpacks/ZenPacks.skills1st.bridge/ZenPacks/skills1st/bridge/BridgeDevice.py.v2')
DEB [20130220-17:59:10.280] thr=2   paramiko.transport.sftp: [chan 1] stat('/opt/zenpacks/ZenPacks.skills1st.bridge/ZenPacks/skills1st/bridge/BridgeDevice.py.v3')
DEB [20130220-17:59:10.281] thr=2   paramiko.transport.sftp: [chan 1] stat('/opt/zenpacks/ZenPacks.skills1st.bridge/ZenPacks/skills1st/bridge/modeler')
DEB [20130220-17:59:10.282] thr=2   paramiko.transport.sftp: [chan 1] listdir('/opt/zenpacks/ZenPacks.skills1st.bridge/ZenPacks/skills1st/bridge/modeler')
DEB [20130220-17:59:10.287] thr=2   paramiko.transport.sftp: [chan 1] stat('/opt/zenpacks/ZenPacks.skills1st.bridge/ZenPacks/skills1st/bridge/modeler/__init__.pyc')
DEB [20130220-17:59:10.288] thr=2   paramiko.transport.sftp: [chan 1] stat('/opt/zenpacks/ZenPacks.skills1st.bridge/ZenPacks/skills1st/bridge/modeler/__init__.py')
DEB [20130220-17:59:10.289] thr=2   paramiko.transport.sftp: [chan 1] stat('/opt/zenpacks/ZenPacks.skills1st.bridge/ZenPacks/skills1st/bridge/modeler/plugins')
DEB [20130220-17:59:10.291] thr=2   paramiko.transport.sftp: [chan 1] listdir('/opt/zenpacks/ZenPacks.skills1st.bridge/ZenPacks/skills1st/bridge/modeler/plugins')
DEB [20130220-17:59:10.297] thr=2   paramiko.transport.sftp: [chan 1] stat('/opt/zenpacks/ZenPacks.skills1st.bridge/ZenPacks/skills1st/bridge/modeler/plugins/BridgeMib.pyc')
DEB [20130220-17:59:10.298] thr=2   paramiko.transport.sftp: [chan 1] stat('/opt/zenpacks/ZenPacks.skills1st.bridge/ZenPacks/skills1st/bridge/modeler/plugins/BridgeDeviceMib.py')
DEB [20130220-17:59:10.299] thr=2   paramiko.transport.sftp: [chan 1] stat('/opt/zenpacks/ZenPacks.skills1st.bridge/ZenPacks/skills1st/bridge/modeler/plugins/__init__.pyc')
DEB [20130220-17:59:10.300] thr=2   paramiko.transport.sftp: [chan 1] stat('/opt/zenpacks/ZenPacks.skills1st.bridge/ZenPacks/skills1st/bridge/modeler/plugins/BridgeInterfaceMib.py')
DEB [20130220-17:59:10.302] thr=2   paramiko.transport.sftp: [chan 1] stat('/opt/zenpacks/ZenPacks.skills1st.bridge/ZenPacks/skills1st/bridge/modeler/plugins/__init__.py')
DEB [20130220-17:59:10.303] thr=2   paramiko.transport.sftp: [chan 1] stat('/opt/zenpacks/ZenPacks.skills1st.bridge/ZenPacks/skills1st/bridge/modeler/plugins/BridgeMib.py')
DEB [20130220-17:59:10.304] thr=2   paramiko.transport.sftp: [chan 1] stat('/opt/zenpacks/ZenPacks.skills1st.bridge/ZenPacks/skills1st/bridge/modeler/plugins/BridgeInterfaceMib.pyc')
DEB [20130220-17:59:10.305] thr=2   paramiko.transport.sftp: [chan 1] stat('/opt/zenpacks/ZenPacks.skills1st.bridge/ZenPacks/skills1st/bridge/modeler/plugins/BridgeDeviceMib.pyc')
DEB [20130220-17:59:10.307] thr=2   paramiko.transport.sftp: [chan 1] stat('/opt/zenpacks/ZenPacks.skills1st.bridge/ZenPacks/skills1st/bridge/BridgeInterface.py')
DEB [20130220-17:59:10.308] thr=2   paramiko.transport.sftp: [chan 1] stat('/opt/zenpacks/ZenPacks.skills1st.bridge/ZenPacks/skills1st/bridge/tests')
DEB [20130220-17:59:10.309] thr=2   paramiko.transport.sftp: [chan 1] listdir('/opt/zenpacks/ZenPacks.skills1st.bridge/ZenPacks/skills1st/bridge/tests')
DEB [20130220-17:59:10.314] thr=2   paramiko.transport.sftp: [chan 1] stat('/opt/zenpacks/ZenPacks.skills1st.bridge/ZenPacks/skills1st/bridge/tests/__init__.py')
DEB [20130220-17:59:10.315] thr=2   paramiko.transport.sftp: [chan 1] stat('/opt/zenpacks/ZenPacks.skills1st.bridge/ZenPacks/skills1st/bridge/datasources')
DEB [20130220-17:59:10.316] thr=2   paramiko.transport.sftp: [chan 1] listdir('/opt/zenpacks/ZenPacks.skills1st.bridge/ZenPacks/skills1st/bridge/datasources')
DEB [20130220-17:59:10.321] thr=2   paramiko.transport.sftp: [chan 1] stat('/opt/zenpacks/ZenPacks.skills1st.bridge/ZenPacks/skills1st/bridge/datasources/__init__.py')
DEB [20130220-17:59:10.322] thr=2   paramiko.transport.sftp: [chan 1] stat('/opt/zenpacks/ZenPacks.skills1st.bridge/ZenPacks/skills1st/bridge/interfaces.py_barebones')
DEB [20130220-17:59:10.323] thr=2   paramiko.transport.sftp: [chan 1] stat('/opt/zenpacks/ZenPacks.skills1st.bridge/ZenPacks/skills1st/bridge/objects')
DEB [20130220-17:59:10.325] thr=2   paramiko.transport.sftp: [chan 1] listdir('/opt/zenpacks/ZenPacks.skills1st.bridge/ZenPacks/skills1st/bridge/objects')
DEB [20130220-17:59:10.329] thr=2   paramiko.transport.sftp: [chan 1] stat('/opt/zenpacks/ZenPacks.skills1st.bridge/ZenPacks/skills1st/bridge/objects/objects.xml')
DEB [20130220-17:59:10.330] thr=2   paramiko.transport.sftp: [chan 1] stat('/opt/zenpacks/ZenPacks.skills1st.bridge/ZenPacks/skills1st/__init__.pyc')
DEB [20130220-17:59:10.332] thr=2   paramiko.transport.sftp: [chan 1] stat('/opt/zenpacks/ZenPacks.skills1st.bridge/ZenPacks/skills1st/__init__.py')
DEB [20130220-17:59:10.333] thr=2   paramiko.transport.sftp: [chan 1] stat('/opt/zenpacks/ZenPacks.skills1st.bridge/MANIFEST.in')
DEB [20130220-17:59:10.334] thr=2   paramiko.transport.sftp: [chan 1] stat('/opt/zenpacks/ZenPacks.skills1st.bridge/INSTALL.txt')
DEB [20130220-17:59:10.335] thr=2   paramiko.transport.sftp: [chan 1] stat('/opt/zenpacks/ZenPacks.skills1st.bridge/setup.py')
DEB [20130220-17:59:10.337] thr=2   paramiko.transport.sftp: [chan 1] stat('/opt/zenpacks/ZenPacks.skills1st.bridge/build')
DEB [20130220-17:59:10.338] thr=2   paramiko.transport.sftp: [chan 1] listdir('/opt/zenpacks/ZenPacks.skills1st.bridge/build')
DEB [20130220-17:59:10.342] thr=2   paramiko.transport.sftp: [chan 1] stat('/opt/zenpacks/ZenPacks.skills1st.bridge/build/lib')
DEB [20130220-17:59:10.344] thr=2   paramiko.transport.sftp: [chan 1] listdir('/opt/zenpacks/ZenPacks.skills1st.bridge/build/lib')
DEB [20130220-17:59:10.348] thr=2   paramiko.transport.sftp: [chan 1] stat('/opt/zenpacks/ZenPacks.skills1st.bridge/build/lib/ZenPacks')
DEB [20130220-17:59:10.349] thr=2   paramiko.transport.sftp: [chan 1] listdir('/opt/zenpacks/ZenPacks.skills1st.bridge/build/lib/ZenPacks')
DEB [20130220-17:59:10.394] thr=2   paramiko.transport.sftp: [chan 1] stat('/opt/zenpacks/ZenPacks.skills1st.bridge/build/lib/ZenPacks/__init__.pyc')
DEB [20130220-17:59:10.395] thr=2   paramiko.transport.sftp: [chan 1] stat('/opt/zenpacks/ZenPacks.skills1st.bridge/build/lib/ZenPacks/__init__.py')
DEB [20130220-17:59:10.396] thr=2   paramiko.transport.sftp: [chan 1] stat('/opt/zenpacks/ZenPacks.skills1st.bridge/build/lib/ZenPacks/skills1st')
DEB [20130220-17:59:10.398] thr=2   paramiko.transport.sftp: [chan 1] listdir('/opt/zenpacks/ZenPacks.skills1st.bridge/build/lib/ZenPacks/skills1st')
DEB [20130220-17:59:10.403] thr=2   paramiko.transport.sftp: [chan 1] stat('/opt/zenpacks/ZenPacks.skills1st.bridge/build/lib/ZenPacks/skills1st/bridge')
DEB [20130220-17:59:10.404] thr=2   paramiko.transport.sftp: [chan 1] listdir('/opt/zenpacks/ZenPacks.skills1st.bridge/build/lib/ZenPacks/skills1st/bridge')
DEB [20130220-17:59:10.414] thr=2   paramiko.transport.sftp: [chan 1] stat('/opt/zenpacks/ZenPacks.skills1st.bridge/build/lib/ZenPacks/skills1st/bridge/skins')
DEB [20130220-17:59:10.415] thr=2   paramiko.transport.sftp: [chan 1] listdir('/opt/zenpacks/ZenPacks.skills1st.bridge/build/lib/ZenPacks/skills1st/bridge/skins')
DEB [20130220-17:59:10.419] thr=2   paramiko.transport.sftp: [chan 1] stat('/opt/zenpacks/ZenPacks.skills1st.bridge/build/lib/ZenPacks/skills1st/bridge/skins/ZenPacks.skills1st.bridge')
DEB [20130220-17:59:10.421] thr=2   paramiko.transport.sftp: [chan 1] listdir('/opt/zenpacks/ZenPacks.skills1st.bridge/build/lib/ZenPacks/skills1st/bridge/skins/ZenPacks.skills1st.bridge')
DEB [20130220-17:59:10.426] thr=2   paramiko.transport.sftp: [chan 1] stat('/opt/zenpacks/ZenPacks.skills1st.bridge/build/lib/ZenPacks/skills1st/bridge/skins/ZenPacks.skills1st.bridge/placeholder.txt')
DEB [20130220-17:59:10.427] thr=2   paramiko.transport.sftp: [chan 1] stat('/opt/zenpacks/ZenPacks.skills1st.bridge/build/lib/ZenPacks/skills1st/bridge/skins/ZenPacks.skills1st.bridge/BridgeDeviceDetail.pt')
DEB [20130220-17:59:10.428] thr=2   paramiko.transport.sftp: [chan 1] stat('/opt/zenpacks/ZenPacks.skills1st.bridge/build/lib/ZenPacks/skills1st/bridge/skins/ZenPacks.skills1st.bridge/viewBridgeInterface.pt')
DEB [20130220-17:59:10.430] thr=2   paramiko.transport.sftp: [chan 1] stat('/opt/zenpacks/ZenPacks.skills1st.bridge/build/lib/ZenPacks/skills1st/bridge/BridgeInterface.pyc')
DEB [20130220-17:59:10.431] thr=2   paramiko.transport.sftp: [chan 1] stat('/opt/zenpacks/ZenPacks.skills1st.bridge/build/lib/ZenPacks/skills1st/bridge/interfaces.pyc')
DEB [20130220-17:59:10.432] thr=2   paramiko.transport.sftp: [chan 1] stat('/opt/zenpacks/ZenPacks.skills1st.bridge/build/lib/ZenPacks/skills1st/bridge/lib')
DEB [20130220-17:59:10.433] thr=2   paramiko.transport.sftp: [chan 1] listdir('/opt/zenpacks/ZenPacks.skills1st.bridge/build/lib/ZenPacks/skills1st/bridge/lib')
DEB [20130220-17:59:10.438] thr=2   paramiko.transport.sftp: [chan 1] stat('/opt/zenpacks/ZenPacks.skills1st.bridge/build/lib/ZenPacks/skills1st/bridge/lib/__init__.py')
DEB [20130220-17:59:10.439] thr=2   paramiko.transport.sftp: [chan 1] stat('/opt/zenpacks/ZenPacks.skills1st.bridge/build/lib/ZenPacks/skills1st/bridge/info.pyc')
DEB [20130220-17:59:10.441] thr=2   paramiko.transport.sftp: [chan 1] stat('/opt/zenpacks/ZenPacks.skills1st.bridge/build/lib/ZenPacks/skills1st/bridge/migrate')
DEB [20130220-17:59:10.442] thr=2   paramiko.transport.sftp: [chan 1] listdir('/opt/zenpacks/ZenPacks.skills1st.bridge/build/lib/ZenPacks/skills1st/bridge/migrate')
DEB [20130220-17:59:10.486] thr=2   paramiko.transport.sftp: [chan 1] stat('/opt/zenpacks/ZenPacks.skills1st.bridge/build/lib/ZenPacks/skills1st/bridge/migrate/Menu.pyc')
DEB [20130220-17:59:10.488] thr=2   paramiko.transport.sftp: [chan 1] stat('/opt/zenpacks/ZenPacks.skills1st.bridge/build/lib/ZenPacks/skills1st/bridge/migrate/Menu.py')
DEB [20130220-17:59:10.489] thr=2   paramiko.transport.sftp: [chan 1] stat('/opt/zenpacks/ZenPacks.skills1st.bridge/build/lib/ZenPacks/skills1st/bridge/migrate/__init__.py')
DEB [20130220-17:59:10.490] thr=2   paramiko.transport.sftp: [chan 1] stat('/opt/zenpacks/ZenPacks.skills1st.bridge/build/lib/ZenPacks/skills1st/bridge/BridgeInterface.py.noPortComment')
DEB [20130220-17:59:10.492] thr=2   paramiko.transport.sftp: [chan 1] stat('/opt/zenpacks/ZenPacks.skills1st.bridge/build/lib/ZenPacks/skills1st/bridge/interfaces.py')
DEB [20130220-17:59:10.493] thr=2   paramiko.transport.sftp: [chan 1] stat('/opt/zenpacks/ZenPacks.skills1st.bridge/build/lib/ZenPacks/skills1st/bridge/configure.zcml')
DEB [20130220-17:59:10.495] thr=2   paramiko.transport.sftp: [chan 1] stat('/opt/zenpacks/ZenPacks.skills1st.bridge/build/lib/ZenPacks/skills1st/bridge/BridgeDevice.py')
DEB [20130220-17:59:10.496] thr=2   paramiko.transport.sftp: [chan 1] stat('/opt/zenpacks/ZenPacks.skills1st.bridge/build/lib/ZenPacks/skills1st/bridge/info.py.noPortComment')
DEB [20130220-17:59:10.497] thr=2   paramiko.transport.sftp: [chan 1] stat('/opt/zenpacks/ZenPacks.skills1st.bridge/build/lib/ZenPacks/skills1st/bridge/__init__.pyc')
DEB [20130220-17:59:10.499] thr=2   paramiko.transport.sftp: [chan 1] stat('/opt/zenpacks/ZenPacks.skills1st.bridge/build/lib/ZenPacks/skills1st/bridge/BridgeDevice.pyc')
DEB [20130220-17:59:10.500] thr=2   paramiko.transport.sftp: [chan 1] stat('/opt/zenpacks/ZenPacks.skills1st.bridge/build/lib/ZenPacks/skills1st/bridge/interfaces.py.noPortComment')
DEB [20130220-17:59:10.501] thr=2   paramiko.transport.sftp: [chan 1] stat('/opt/zenpacks/ZenPacks.skills1st.bridge/build/lib/ZenPacks/skills1st/bridge/__init__.py')
DEB [20130220-17:59:10.502] thr=2   paramiko.transport.sftp: [chan 1] stat('/opt/zenpacks/ZenPacks.skills1st.bridge/build/lib/ZenPacks/skills1st/bridge/interfaces.py.full')
DEB [20130220-17:59:10.504] thr=2   paramiko.transport.sftp: [chan 1] stat('/opt/zenpacks/ZenPacks.skills1st.bridge/build/lib/ZenPacks/skills1st/bridge/resources')
DEB [20130220-17:59:10.505] thr=2   paramiko.transport.sftp: [chan 1] listdir('/opt/zenpacks/ZenPacks.skills1st.bridge/build/lib/ZenPacks/skills1st/bridge/resources')
DEB [20130220-17:59:10.510] thr=2   paramiko.transport.sftp: [chan 1] stat('/opt/zenpacks/ZenPacks.skills1st.bridge/build/lib/ZenPacks/skills1st/bridge/resources/bridge.js.old')
DEB [20130220-17:59:10.511] thr=2   paramiko.transport.sftp: [chan 1] stat('/opt/zenpacks/ZenPacks.skills1st.bridge/build/lib/ZenPacks/skills1st/bridge/resources/bridge.js')
DEB [20130220-17:59:10.512] thr=2   paramiko.transport.sftp: [chan 1] stat('/opt/zenpacks/ZenPacks.skills1st.bridge/build/lib/ZenPacks/skills1st/bridge/info.py')
DEB [20130220-17:59:10.513] thr=2   paramiko.transport.sftp: [chan 1] stat('/opt/zenpacks/ZenPacks.skills1st.bridge/build/lib/ZenPacks/skills1st/bridge/BridgeDevice.py.v2')
DEB [20130220-17:59:10.515] thr=2   paramiko.transport.sftp: [chan 1] stat('/opt/zenpacks/ZenPacks.skills1st.bridge/build/lib/ZenPacks/skills1st/bridge/BridgeDevice.py.v3')
DEB [20130220-17:59:10.516] thr=2   paramiko.transport.sftp: [chan 1] stat('/opt/zenpacks/ZenPacks.skills1st.bridge/build/lib/ZenPacks/skills1st/bridge/modeler')
DEB [20130220-17:59:10.517] thr=2   paramiko.transport.sftp: [chan 1] listdir('/opt/zenpacks/ZenPacks.skills1st.bridge/build/lib/ZenPacks/skills1st/bridge/modeler')
DEB [20130220-17:59:10.522] thr=2   paramiko.transport.sftp: [chan 1] stat('/opt/zenpacks/ZenPacks.skills1st.bridge/build/lib/ZenPacks/skills1st/bridge/modeler/__init__.pyc')
DEB [20130220-17:59:10.523] thr=2   paramiko.transport.sftp: [chan 1] stat('/opt/zenpacks/ZenPacks.skills1st.bridge/build/lib/ZenPacks/skills1st/bridge/modeler/__init__.py')
DEB [20130220-17:59:10.525] thr=2   paramiko.transport.sftp: [chan 1] stat('/opt/zenpacks/ZenPacks.skills1st.bridge/build/lib/ZenPacks/skills1st/bridge/modeler/plugins')
DEB [20130220-17:59:10.526] thr=2   paramiko.transport.sftp: [chan 1] listdir('/opt/zenpacks/ZenPacks.skills1st.bridge/build/lib/ZenPacks/skills1st/bridge/modeler/plugins')
DEB [20130220-17:59:10.532] thr=2   paramiko.transport.sftp: [chan 1] stat('/opt/zenpacks/ZenPacks.skills1st.bridge/build/lib/ZenPacks/skills1st/bridge/modeler/plugins/BridgeMib.pyc')
DEB [20130220-17:59:10.533] thr=2   paramiko.transport.sftp: [chan 1] stat('/opt/zenpacks/ZenPacks.skills1st.bridge/build/lib/ZenPacks/skills1st/bridge/modeler/plugins/BridgeDeviceMib.py')
DEB [20130220-17:59:10.534] thr=2   paramiko.transport.sftp: [chan 1] stat('/opt/zenpacks/ZenPacks.skills1st.bridge/build/lib/ZenPacks/skills1st/bridge/modeler/plugins/__init__.pyc')
DEB [20130220-17:59:10.536] thr=2   paramiko.transport.sftp: [chan 1] stat('/opt/zenpacks/ZenPacks.skills1st.bridge/build/lib/ZenPacks/skills1st/bridge/modeler/plugins/BridgeInterfaceMib.py')
DEB [20130220-17:59:10.537] thr=2   paramiko.transport.sftp: [chan 1] stat('/opt/zenpacks/ZenPacks.skills1st.bridge/build/lib/ZenPacks/skills1st/bridge/modeler/plugins/__init__.py')
DEB [20130220-17:59:10.538] thr=2   paramiko.transport.sftp: [chan 1] stat('/opt/zenpacks/ZenPacks.skills1st.bridge/build/lib/ZenPacks/skills1st/bridge/modeler/plugins/BridgeMib.py')
DEB [20130220-17:59:10.539] thr=2   paramiko.transport.sftp: [chan 1] stat('/opt/zenpacks/ZenPacks.skills1st.bridge/build/lib/ZenPacks/skills1st/bridge/modeler/plugins/BridgeInterfaceMib.pyc')
DEB [20130220-17:59:10.541] thr=2   paramiko.transport.sftp: [chan 1] stat('/opt/zenpacks/ZenPacks.skills1st.bridge/build/lib/ZenPacks/skills1st/bridge/modeler/plugins/BridgeDeviceMib.pyc')
DEB [20130220-17:59:10.542] thr=2   paramiko.transport.sftp: [chan 1] stat('/opt/zenpacks/ZenPacks.skills1st.bridge/build/lib/ZenPacks/skills1st/bridge/BridgeInterface.py')
DEB [20130220-17:59:10.543] thr=2   paramiko.transport.sftp: [chan 1] stat('/opt/zenpacks/ZenPacks.skills1st.bridge/build/lib/ZenPacks/skills1st/bridge/tests')
DEB [20130220-17:59:10.545] thr=2   paramiko.transport.sftp: [chan 1] listdir('/opt/zenpacks/ZenPacks.skills1st.bridge/build/lib/ZenPacks/skills1st/bridge/tests')
DEB [20130220-17:59:10.549] thr=2   paramiko.transport.sftp: [chan 1] stat('/opt/zenpacks/ZenPacks.skills1st.bridge/build/lib/ZenPacks/skills1st/bridge/tests/__init__.py')
DEB [20130220-17:59:10.550] thr=2   paramiko.transport.sftp: [chan 1] stat('/opt/zenpacks/ZenPacks.skills1st.bridge/build/lib/ZenPacks/skills1st/bridge/datasources')
DEB [20130220-17:59:10.552] thr=2   paramiko.transport.sftp: [chan 1] listdir('/opt/zenpacks/ZenPacks.skills1st.bridge/build/lib/ZenPacks/skills1st/bridge/datasources')
DEB [20130220-17:59:10.556] thr=2   paramiko.transport.sftp: [chan 1] stat('/opt/zenpacks/ZenPacks.skills1st.bridge/build/lib/ZenPacks/skills1st/bridge/datasources/__init__.py')
DEB [20130220-17:59:10.558] thr=2   paramiko.transport.sftp: [chan 1] stat('/opt/zenpacks/ZenPacks.skills1st.bridge/build/lib/ZenPacks/skills1st/bridge/interfaces.py_barebones')
DEB [20130220-17:59:10.559] thr=2   paramiko.transport.sftp: [chan 1] stat('/opt/zenpacks/ZenPacks.skills1st.bridge/build/lib/ZenPacks/skills1st/bridge/objects')
DEB [20130220-17:59:10.560] thr=2   paramiko.transport.sftp: [chan 1] listdir('/opt/zenpacks/ZenPacks.skills1st.bridge/build/lib/ZenPacks/skills1st/bridge/objects')
DEB [20130220-17:59:10.565] thr=2   paramiko.transport.sftp: [chan 1] stat('/opt/zenpacks/ZenPacks.skills1st.bridge/build/lib/ZenPacks/skills1st/bridge/objects/objects.xml')
DEB [20130220-17:59:10.566] thr=2   paramiko.transport.sftp: [chan 1] stat('/opt/zenpacks/ZenPacks.skills1st.bridge/build/lib/ZenPacks/skills1st/__init__.pyc')
DEB [20130220-17:59:10.567] thr=2   paramiko.transport.sftp: [chan 1] stat('/opt/zenpacks/ZenPacks.skills1st.bridge/build/lib/ZenPacks/skills1st/__init__.py')
DEB [20130220-17:59:10.568] thr=2   paramiko.transport.sftp: [chan 1] stat('/opt/zenpacks/ZenPacks.skills1st.bridge/dist')
DEB [20130220-17:59:10.570] thr=2   paramiko.transport.sftp: [chan 1] listdir('/opt/zenpacks/ZenPacks.skills1st.bridge/dist')
DEB [20130220-17:59:10.574] thr=2   paramiko.transport.sftp: [chan 1] stat('/opt/zenpacks/ZenPacks.skills1st.bridge/dist/ZenPacks.skills1st.bridge-1.0.4-py2.6.egg')
DEB [20130220-17:59:10.576] thr=2   paramiko.transport.sftp: [chan 1] stat('/opt/zenpacks/ZenPacks.skills1st.bridge/ZenPacks.skills1st.bridge.egg-info')
DEB [20130220-17:59:10.577] thr=2   paramiko.transport.sftp: [chan 1] listdir('/opt/zenpacks/ZenPacks.skills1st.bridge/ZenPacks.skills1st.bridge.egg-info')
DEB [20130220-17:59:10.622] thr=2   paramiko.transport.sftp: [chan 1] stat('/opt/zenpacks/ZenPacks.skills1st.bridge/ZenPacks.skills1st.bridge.egg-info/not-zip-safe')
DEB [20130220-17:59:10.623] thr=2   paramiko.transport.sftp: [chan 1] stat('/opt/zenpacks/ZenPacks.skills1st.bridge/ZenPacks.skills1st.bridge.egg-info/zenpack_info')
DEB [20130220-17:59:10.624] thr=2   paramiko.transport.sftp: [chan 1] stat('/opt/zenpacks/ZenPacks.skills1st.bridge/ZenPacks.skills1st.bridge.egg-info/top_level.txt')
DEB [20130220-17:59:10.626] thr=2   paramiko.transport.sftp: [chan 1] stat('/opt/zenpacks/ZenPacks.skills1st.bridge/ZenPacks.skills1st.bridge.egg-info/dependency_links.txt')
DEB [20130220-17:59:10.627] thr=2   paramiko.transport.sftp: [chan 1] stat('/opt/zenpacks/ZenPacks.skills1st.bridge/ZenPacks.skills1st.bridge.egg-info/test_info.txt')
DEB [20130220-17:59:10.628] thr=2   paramiko.transport.sftp: [chan 1] stat('/opt/zenpacks/ZenPacks.skills1st.bridge/ZenPacks.skills1st.bridge.egg-info/PKG-INFO')
DEB [20130220-17:59:10.629] thr=2   paramiko.transport.sftp: [chan 1] stat('/opt/zenpacks/ZenPacks.skills1st.bridge/ZenPacks.skills1st.bridge.egg-info/SOURCES.txt')
DEB [20130220-17:59:10.631] thr=2   paramiko.transport.sftp: [chan 1] stat('/opt/zenpacks/ZenPacks.skills1st.bridge/ZenPacks.skills1st.bridge.egg-info/namespace_packages.txt')
DEB [20130220-17:59:10.632] thr=2   paramiko.transport.sftp: [chan 1] stat('/opt/zenpacks/ZenPacks.skills1st.bridge/ZenPacks.skills1st.bridge.egg-info/entry_points.txt')
DEB [20130220-17:59:10.633] thr=2   paramiko.transport.sftp: [chan 1] stat('/opt/zenpacks/dir789')
DEB [20130220-17:59:10.634] thr=2   paramiko.transport.sftp: [chan 1] listdir('/opt/zenpacks/dir789')
DEB [20130220-17:59:10.639] thr=2   paramiko.transport.sftp: [chan 1] stat('/opt/zenpacks/ZenPacks.test.ZPool')
DEB [20130220-17:59:10.640] thr=2   paramiko.transport.sftp: [chan 1] listdir('/opt/zenpacks/ZenPacks.test.ZPool')
DEB [20130220-17:59:10.646] thr=2   paramiko.transport.sftp: [chan 1] stat('/opt/zenpacks/ZenPacks.test.ZPool/README.txt')
DEB [20130220-17:59:10.648] thr=2   paramiko.transport.sftp: [chan 1] stat('/opt/zenpacks/ZenPacks.test.ZPool/ZenPacks.test.ZPool.egg-info')
DEB [20130220-17:59:10.649] thr=2   paramiko.transport.sftp: [chan 1] listdir('/opt/zenpacks/ZenPacks.test.ZPool/ZenPacks.test.ZPool.egg-info')
DEB [20130220-17:59:10.655] thr=2   paramiko.transport.sftp: [chan 1] stat('/opt/zenpacks/ZenPacks.test.ZPool/ZenPacks.test.ZPool.egg-info/not-zip-safe')
DEB [20130220-17:59:10.656] thr=2   paramiko.transport.sftp: [chan 1] stat('/opt/zenpacks/ZenPacks.test.ZPool/ZenPacks.test.ZPool.egg-info/top_level.txt')
DEB [20130220-17:59:10.657] thr=2   paramiko.transport.sftp: [chan 1] stat('/opt/zenpacks/ZenPacks.test.ZPool/ZenPacks.test.ZPool.egg-info/dependency_links.txt')
DEB [20130220-17:59:10.658] thr=2   paramiko.transport.sftp: [chan 1] stat('/opt/zenpacks/ZenPacks.test.ZPool/ZenPacks.test.ZPool.egg-info/test_info.txt')
DEB [20130220-17:59:10.660] thr=2   paramiko.transport.sftp: [chan 1] stat('/opt/zenpacks/ZenPacks.test.ZPool/ZenPacks.test.ZPool.egg-info/PKG-INFO')
DEB [20130220-17:59:10.661] thr=2   paramiko.transport.sftp: [chan 1] stat('/opt/zenpacks/ZenPacks.test.ZPool/ZenPacks.test.ZPool.egg-info/SOURCES.txt')
DEB [20130220-17:59:10.662] thr=2   paramiko.transport.sftp: [chan 1] stat('/opt/zenpacks/ZenPacks.test.ZPool/ZenPacks.test.ZPool.egg-info/namespace_packages.txt')
DEB [20130220-17:59:10.664] thr=2   paramiko.transport.sftp: [chan 1] stat('/opt/zenpacks/ZenPacks.test.ZPool/ZenPacks.test.ZPool.egg-info/entry_points.txt')
DEB [20130220-17:59:10.665] thr=2   paramiko.transport.sftp: [chan 1] stat('/opt/zenpacks/ZenPacks.test.ZPool/ZenPacks')
DEB [20130220-17:59:10.666] thr=2   paramiko.transport.sftp: [chan 1] listdir('/opt/zenpacks/ZenPacks.test.ZPool/ZenPacks')
DEB [20130220-17:59:10.671] thr=2   paramiko.transport.sftp: [chan 1] stat('/opt/zenpacks/ZenPacks.test.ZPool/ZenPacks/test')
DEB [20130220-17:59:10.672] thr=2   paramiko.transport.sftp: [chan 1] listdir('/opt/zenpacks/ZenPacks.test.ZPool/ZenPacks/test')
DEB [20130220-17:59:10.677] thr=2   paramiko.transport.sftp: [chan 1] stat('/opt/zenpacks/ZenPacks.test.ZPool/ZenPacks/test/ZPool')
DEB [20130220-17:59:10.679] thr=2   paramiko.transport.sftp: [chan 1] listdir('/opt/zenpacks/ZenPacks.test.ZPool/ZenPacks/test/ZPool')
DEB [20130220-17:59:10.726] thr=2   paramiko.transport.sftp: [chan 1] stat('/opt/zenpacks/ZenPacks.test.ZPool/ZenPacks/test/ZPool/reports')
DEB [20130220-17:59:10.728] thr=2   paramiko.transport.sftp: [chan 1] listdir('/opt/zenpacks/ZenPacks.test.ZPool/ZenPacks/test/ZPool/reports')
DEB [20130220-17:59:10.732] thr=2   paramiko.transport.sftp: [chan 1] stat('/opt/zenpacks/ZenPacks.test.ZPool/ZenPacks/test/ZPool/skins')
DEB [20130220-17:59:10.734] thr=2   paramiko.transport.sftp: [chan 1] listdir('/opt/zenpacks/ZenPacks.test.ZPool/ZenPacks/test/ZPool/skins')
DEB [20130220-17:59:10.738] thr=2   paramiko.transport.sftp: [chan 1] stat('/opt/zenpacks/ZenPacks.test.ZPool/ZenPacks/test/ZPool/skins/ZenPacks.test.ZPool')
DEB [20130220-17:59:10.739] thr=2   paramiko.transport.sftp: [chan 1] listdir('/opt/zenpacks/ZenPacks.test.ZPool/ZenPacks/test/ZPool/skins/ZenPacks.test.ZPool')
DEB [20130220-17:59:10.744] thr=2   paramiko.transport.sftp: [chan 1] stat('/opt/zenpacks/ZenPacks.test.ZPool/ZenPacks/test/ZPool/skins/ZenPacks.test.ZPool/ZPoolDeviceDetailTemplate.pt')
DEB [20130220-17:59:10.745] thr=2   paramiko.transport.sftp: [chan 1] stat('/opt/zenpacks/ZenPacks.test.ZPool/ZenPacks/test/ZPool/skins/ZenPacks.test.ZPool/placeholder.txt')
DEB [20130220-17:59:10.747] thr=2   paramiko.transport.sftp: [chan 1] stat('/opt/zenpacks/ZenPacks.test.ZPool/ZenPacks/test/ZPool/interfaces.pyc')
DEB [20130220-17:59:10.748] thr=2   paramiko.transport.sftp: [chan 1] stat('/opt/zenpacks/ZenPacks.test.ZPool/ZenPacks/test/ZPool/lib')
DEB [20130220-17:59:10.749] thr=2   paramiko.transport.sftp: [chan 1] listdir('/opt/zenpacks/ZenPacks.test.ZPool/ZenPacks/test/ZPool/lib')
DEB [20130220-17:59:10.754] thr=2   paramiko.transport.sftp: [chan 1] stat('/opt/zenpacks/ZenPacks.test.ZPool/ZenPacks/test/ZPool/lib/__init__.pyo')
DEB [20130220-17:59:10.755] thr=2   paramiko.transport.sftp: [chan 1] stat('/opt/zenpacks/ZenPacks.test.ZPool/ZenPacks/test/ZPool/lib/__init__.py')
DEB [20130220-17:59:10.756] thr=2   paramiko.transport.sftp: [chan 1] stat('/opt/zenpacks/ZenPacks.test.ZPool/ZenPacks/test/ZPool/ZPoolDevice.pyc')
DEB [20130220-17:59:10.758] thr=2   paramiko.transport.sftp: [chan 1] stat('/opt/zenpacks/ZenPacks.test.ZPool/ZenPacks/test/ZPool/info.pyc')
DEB [20130220-17:59:10.759] thr=2   paramiko.transport.sftp: [chan 1] stat('/opt/zenpacks/ZenPacks.test.ZPool/ZenPacks/test/ZPool/migrate')
DEB [20130220-17:59:10.760] thr=2   paramiko.transport.sftp: [chan 1] listdir('/opt/zenpacks/ZenPacks.test.ZPool/ZenPacks/test/ZPool/migrate')
DEB [20130220-17:59:10.765] thr=2   paramiko.transport.sftp: [chan 1] stat('/opt/zenpacks/ZenPacks.test.ZPool/ZenPacks/test/ZPool/migrate/__init__.pyo')
DEB [20130220-17:59:10.766] thr=2   paramiko.transport.sftp: [chan 1] stat('/opt/zenpacks/ZenPacks.test.ZPool/ZenPacks/test/ZPool/migrate/__init__.py')
DEB [20130220-17:59:10.767] thr=2   paramiko.transport.sftp: [chan 1] stat('/opt/zenpacks/ZenPacks.test.ZPool/ZenPacks/test/ZPool/interfaces.py')
DEB [20130220-17:59:10.769] thr=2   paramiko.transport.sftp: [chan 1] stat('/opt/zenpacks/ZenPacks.test.ZPool/ZenPacks/test/ZPool/daemons')
DEB [20130220-17:59:10.770] thr=2   paramiko.transport.sftp: [chan 1] listdir('/opt/zenpacks/ZenPacks.test.ZPool/ZenPacks/test/ZPool/daemons')
DEB [20130220-17:59:10.775] thr=2   paramiko.transport.sftp: [chan 1] stat('/opt/zenpacks/ZenPacks.test.ZPool/ZenPacks/test/ZPool/configure.zcml')
DEB [20130220-17:59:10.776] thr=2   paramiko.transport.sftp: [chan 1] stat('/opt/zenpacks/ZenPacks.test.ZPool/ZenPacks/test/ZPool/ZPoolComponent.py')
DEB [20130220-17:59:10.778] thr=2   paramiko.transport.sftp: [chan 1] stat('/opt/zenpacks/ZenPacks.test.ZPool/ZenPacks/test/ZPool/__init__.pyc')
DEB [20130220-17:59:10.779] thr=2   paramiko.transport.sftp: [chan 1] stat('/opt/zenpacks/ZenPacks.test.ZPool/ZenPacks/test/ZPool/__init__.pyo')
DEB [20130220-17:59:10.780] thr=2   paramiko.transport.sftp: [chan 1] stat('/opt/zenpacks/ZenPacks.test.ZPool/ZenPacks/test/ZPool/__init__.py')
DEB [20130220-17:59:10.781] thr=2   paramiko.transport.sftp: [chan 1] stat('/opt/zenpacks/ZenPacks.test.ZPool/ZenPacks/test/ZPool/resources')
DEB [20130220-17:59:10.783] thr=2   paramiko.transport.sftp: [chan 1] listdir('/opt/zenpacks/ZenPacks.test.ZPool/ZenPacks/test/ZPool/resources')
DEB [20130220-17:59:10.787] thr=2   paramiko.transport.sftp: [chan 1] stat('/opt/zenpacks/ZenPacks.test.ZPool/ZenPacks/test/ZPool/resources/ZPool.js')
DEB [20130220-17:59:10.788] thr=2   paramiko.transport.sftp: [chan 1] stat('/opt/zenpacks/ZenPacks.test.ZPool/ZenPacks/test/ZPool/.ZPoolComponent.py.swp')
DEB [20130220-17:59:10.790] thr=2   paramiko.transport.sftp: [chan 1] stat('/opt/zenpacks/ZenPacks.test.ZPool/ZenPacks/test/ZPool/ZPoolDevice.py')
DEB [20130220-17:59:10.791] thr=2   paramiko.transport.sftp: [chan 1] stat('/opt/zenpacks/ZenPacks.test.ZPool/ZenPacks/test/ZPool/info.py')
DEB [20130220-17:59:10.792] thr=2   paramiko.transport.sftp: [chan 1] stat('/opt/zenpacks/ZenPacks.test.ZPool/ZenPacks/test/ZPool/modeler')
DEB [20130220-17:59:10.794] thr=2   paramiko.transport.sftp: [chan 1] listdir('/opt/zenpacks/ZenPacks.test.ZPool/ZenPacks/test/ZPool/modeler')
DEB [20130220-17:59:10.799] thr=2   paramiko.transport.sftp: [chan 1] stat('/opt/zenpacks/ZenPacks.test.ZPool/ZenPacks/test/ZPool/modeler/__init__.pyc')
DEB [20130220-17:59:10.800] thr=2   paramiko.transport.sftp: [chan 1] stat('/opt/zenpacks/ZenPacks.test.ZPool/ZenPacks/test/ZPool/modeler/__init__.pyo')
DEB [20130220-17:59:10.801] thr=2   paramiko.transport.sftp: [chan 1] stat('/opt/zenpacks/ZenPacks.test.ZPool/ZenPacks/test/ZPool/modeler/__init__.py')
DEB [20130220-17:59:10.802] thr=2   paramiko.transport.sftp: [chan 1] stat('/opt/zenpacks/ZenPacks.test.ZPool/ZenPacks/test/ZPool/modeler/plugins')
DEB [20130220-17:59:10.804] thr=2   paramiko.transport.sftp: [chan 1] listdir('/opt/zenpacks/ZenPacks.test.ZPool/ZenPacks/test/ZPool/modeler/plugins')
DEB [20130220-17:59:10.809] thr=2   paramiko.transport.sftp: [chan 1] stat('/opt/zenpacks/ZenPacks.test.ZPool/ZenPacks/test/ZPool/modeler/plugins/ZPoolDeviceDetailsModeler.py')
DEB [20130220-17:59:10.810] thr=2   paramiko.transport.sftp: [chan 1] stat('/opt/zenpacks/ZenPacks.test.ZPool/ZenPacks/test/ZPool/modeler/plugins/a.log')
DEB [20130220-17:59:10.812] thr=2   paramiko.transport.sftp: [chan 1] stat('/opt/zenpacks/ZenPacks.test.ZPool/ZenPacks/test/ZPool/modeler/plugins/__init__.pyc')
DEB [20130220-17:59:10.813] thr=2   paramiko.transport.sftp: [chan 1] stat('/opt/zenpacks/ZenPacks.test.ZPool/ZenPacks/test/ZPool/modeler/plugins/__init__.pyo')
DEB [20130220-17:59:10.814] thr=2   paramiko.transport.sftp: [chan 1] stat('/opt/zenpacks/ZenPacks.test.ZPool/ZenPacks/test/ZPool/modeler/plugins/__init__.py')
DEB [20130220-17:59:10.815] thr=2   paramiko.transport.sftp: [chan 1] stat('/opt/zenpacks/ZenPacks.test.ZPool/ZenPacks/test/ZPool/modeler/plugins/ZPoolDeviceDetailsModeler.pyc')
DEB [20130220-17:59:10.817] thr=2   paramiko.transport.sftp: [chan 1] stat('/opt/zenpacks/ZenPacks.test.ZPool/ZenPacks/test/ZPool/ZPoolComponent.pyc')
DEB [20130220-17:59:10.818] thr=2   paramiko.transport.sftp: [chan 1] stat('/opt/zenpacks/ZenPacks.test.ZPool/ZenPacks/test/ZPool/tests')
DEB [20130220-17:59:10.819] thr=2   paramiko.transport.sftp: [chan 1] listdir('/opt/zenpacks/ZenPacks.test.ZPool/ZenPacks/test/ZPool/tests')
DEB [20130220-17:59:10.864] thr=2   paramiko.transport.sftp: [chan 1] stat('/opt/zenpacks/ZenPacks.test.ZPool/ZenPacks/test/ZPool/tests/__init__.pyo')
DEB [20130220-17:59:10.866] thr=2   paramiko.transport.sftp: [chan 1] stat('/opt/zenpacks/ZenPacks.test.ZPool/ZenPacks/test/ZPool/tests/__init__.py')
DEB [20130220-17:59:10.867] thr=2   paramiko.transport.sftp: [chan 1] stat('/opt/zenpacks/ZenPacks.test.ZPool/ZenPacks/test/ZPool/datasources')
DEB [20130220-17:59:10.868] thr=2   paramiko.transport.sftp: [chan 1] listdir('/opt/zenpacks/ZenPacks.test.ZPool/ZenPacks/test/ZPool/datasources')
DEB [20130220-17:59:10.873] thr=2   paramiko.transport.sftp: [chan 1] stat('/opt/zenpacks/ZenPacks.test.ZPool/ZenPacks/test/ZPool/datasources/__init__.pyo')
DEB [20130220-17:59:10.874] thr=2   paramiko.transport.sftp: [chan 1] stat('/opt/zenpacks/ZenPacks.test.ZPool/ZenPacks/test/ZPool/datasources/__init__.py')
DEB [20130220-17:59:10.878] thr=2   paramiko.transport.sftp: [chan 1] stat('/opt/zenpacks/ZenPacks.test.ZPool/ZenPacks/test/ZPool/objects')
DEB [20130220-17:59:10.880] thr=2   paramiko.transport.sftp: [chan 1] listdir('/opt/zenpacks/ZenPacks.test.ZPool/ZenPacks/test/ZPool/objects')
DEB [20130220-17:59:10.887] thr=2   paramiko.transport.sftp: [chan 1] stat('/opt/zenpacks/ZenPacks.test.ZPool/ZenPacks/test/ZPool/objects/objects.xml')
DEB [20130220-17:59:10.889] thr=2   paramiko.transport.sftp: [chan 1] stat('/opt/zenpacks/ZenPacks.test.ZPool/ZenPacks/test/__init__.pyc')
DEB [20130220-17:59:10.890] thr=2   paramiko.transport.sftp: [chan 1] stat('/opt/zenpacks/ZenPacks.test.ZPool/ZenPacks/test/__init__.py')
DEB [20130220-17:59:10.891] thr=2   paramiko.transport.sftp: [chan 1] stat('/opt/zenpacks/ZenPacks.test.ZPool/ZenPacks/__init__.pyc')
DEB [20130220-17:59:10.893] thr=2   paramiko.transport.sftp: [chan 1] stat('/opt/zenpacks/ZenPacks.test.ZPool/ZenPacks/__init__.py')
DEB [20130220-17:59:10.894] thr=2   paramiko.transport.sftp: [chan 1] stat('/opt/zenpacks/ZenPacks.test.ZPool/__init__.py')
DEB [20130220-17:59:10.895] thr=2   paramiko.transport.sftp: [chan 1] stat('/opt/zenpacks/ZenPacks.test.ZPool/MANIFEST.in')
DEB [20130220-17:59:10.896] thr=2   paramiko.transport.sftp: [chan 1] stat('/opt/zenpacks/ZenPacks.test.ZPool/INSTALL.txt')
DEB [20130220-17:59:10.898] thr=2   paramiko.transport.sftp: [chan 1] stat('/opt/zenpacks/ZenPacks.test.ZPool/setup.py')
DEB [20130220-17:59:10.899] thr=2   paramiko.transport.sftp: [chan 1] stat('/opt/zenpacks/ZenPacks.test.ZPool/temp')
DEB [20130220-17:59:10.900] thr=2   paramiko.transport.sftp: [chan 1] listdir('/opt/zenpacks/ZenPacks.test.ZPool/temp')
DEB [20130220-17:59:10.905] thr=2   paramiko.transport.sftp: [chan 1] stat('/opt/zenpacks/ZenPacks.test.ZPool/setup.pyo')
DEB [20130220-17:59:10.906] thr=2   paramiko.transport.sftp: [chan 1] stat('/opt/zenpacks/ZenPacks.test.ZPool/build')
DEB [20130220-17:59:10.907] thr=2   paramiko.transport.sftp: [chan 1] listdir('/opt/zenpacks/ZenPacks.test.ZPool/build')
DEB [20130220-17:59:10.912] thr=2   paramiko.transport.sftp: [chan 1] stat('/opt/zenpacks/ZenPacks.test.ZPool/build/lib')
DEB [20130220-17:59:10.913] thr=2   paramiko.transport.sftp: [chan 1] listdir('/opt/zenpacks/ZenPacks.test.ZPool/build/lib')
DEB [20130220-17:59:10.918] thr=2   paramiko.transport.sftp: [chan 1] stat('/opt/zenpacks/ZenPacks.test.ZPool/build/lib/ZenPacks')
DEB [20130220-17:59:10.920] thr=2   paramiko.transport.sftp: [chan 1] listdir('/opt/zenpacks/ZenPacks.test.ZPool/build/lib/ZenPacks')
DEB [20130220-17:59:10.924] thr=2   paramiko.transport.sftp: [chan 1] stat('/opt/zenpacks/ZenPacks.test.ZPool/build/lib/ZenPacks/test')
DEB [20130220-17:59:10.926] thr=2   paramiko.transport.sftp: [chan 1] listdir('/opt/zenpacks/ZenPacks.test.ZPool/build/lib/ZenPacks/test')
DEB [20130220-17:59:10.931] thr=2   paramiko.transport.sftp: [chan 1] stat('/opt/zenpacks/ZenPacks.test.ZPool/build/lib/ZenPacks/test/ZPool')
DEB [20130220-17:59:10.932] thr=2   paramiko.transport.sftp: [chan 1] listdir('/opt/zenpacks/ZenPacks.test.ZPool/build/lib/ZenPacks/test/ZPool')
DEB [20130220-17:59:10.979] thr=2   paramiko.transport.sftp: [chan 1] stat('/opt/zenpacks/ZenPacks.test.ZPool/build/lib/ZenPacks/test/ZPool/skins')
DEB [20130220-17:59:10.980] thr=2   paramiko.transport.sftp: [chan 1] listdir('/opt/zenpacks/ZenPacks.test.ZPool/build/lib/ZenPacks/test/ZPool/skins')
DEB [20130220-17:59:10.985] thr=2   paramiko.transport.sftp: [chan 1] stat('/opt/zenpacks/ZenPacks.test.ZPool/build/lib/ZenPacks/test/ZPool/skins/ZenPacks.test.ZPool')
DEB [20130220-17:59:10.986] thr=2   paramiko.transport.sftp: [chan 1] listdir('/opt/zenpacks/ZenPacks.test.ZPool/build/lib/ZenPacks/test/ZPool/skins/ZenPacks.test.ZPool')
DEB [20130220-17:59:10.991] thr=2   paramiko.transport.sftp: [chan 1] stat('/opt/zenpacks/ZenPacks.test.ZPool/build/lib/ZenPacks/test/ZPool/skins/ZenPacks.test.ZPool/ZPoolDeviceDetailTemplate.pt')
DEB [20130220-17:59:10.992] thr=2   paramiko.transport.sftp: [chan 1] stat('/opt/zenpacks/ZenPacks.test.ZPool/build/lib/ZenPacks/test/ZPool/skins/ZenPacks.test.ZPool/placeholder.txt')
DEB [20130220-17:59:10.993] thr=2   paramiko.transport.sftp: [chan 1] stat('/opt/zenpacks/ZenPacks.test.ZPool/build/lib/ZenPacks/test/ZPool/interfaces.pyc')
DEB [20130220-17:59:10.995] thr=2   paramiko.transport.sftp: [chan 1] stat('/opt/zenpacks/ZenPacks.test.ZPool/build/lib/ZenPacks/test/ZPool/lib')
DEB [20130220-17:59:10.996] thr=2   paramiko.transport.sftp: [chan 1] listdir('/opt/zenpacks/ZenPacks.test.ZPool/build/lib/ZenPacks/test/ZPool/lib')
DEB [20130220-17:59:11.001] thr=2   paramiko.transport.sftp: [chan 1] stat('/opt/zenpacks/ZenPacks.test.ZPool/build/lib/ZenPacks/test/ZPool/lib/__init__.pyo')
DEB [20130220-17:59:11.002] thr=2   paramiko.transport.sftp: [chan 1] stat('/opt/zenpacks/ZenPacks.test.ZPool/build/lib/ZenPacks/test/ZPool/lib/__init__.py')
DEB [20130220-17:59:11.004] thr=2   paramiko.transport.sftp: [chan 1] stat('/opt/zenpacks/ZenPacks.test.ZPool/build/lib/ZenPacks/test/ZPool/ZPoolDevice.pyc')
DEB [20130220-17:59:11.005] thr=2   paramiko.transport.sftp: [chan 1] stat('/opt/zenpacks/ZenPacks.test.ZPool/build/lib/ZenPacks/test/ZPool/info.pyc')
DEB [20130220-17:59:11.006] thr=2   paramiko.transport.sftp: [chan 1] stat('/opt/zenpacks/ZenPacks.test.ZPool/build/lib/ZenPacks/test/ZPool/migrate')
DEB [20130220-17:59:11.007] thr=2   paramiko.transport.sftp: [chan 1] listdir('/opt/zenpacks/ZenPacks.test.ZPool/build/lib/ZenPacks/test/ZPool/migrate')
DEB [20130220-17:59:11.012] thr=2   paramiko.transport.sftp: [chan 1] stat('/opt/zenpacks/ZenPacks.test.ZPool/build/lib/ZenPacks/test/ZPool/migrate/__init__.pyo')
DEB [20130220-17:59:11.013] thr=2   paramiko.transport.sftp: [chan 1] stat('/opt/zenpacks/ZenPacks.test.ZPool/build/lib/ZenPacks/test/ZPool/migrate/__init__.py')
DEB [20130220-17:59:11.015] thr=2   paramiko.transport.sftp: [chan 1] stat('/opt/zenpacks/ZenPacks.test.ZPool/build/lib/ZenPacks/test/ZPool/interfaces.py')
DEB [20130220-17:59:11.016] thr=2   paramiko.transport.sftp: [chan 1] stat('/opt/zenpacks/ZenPacks.test.ZPool/build/lib/ZenPacks/test/ZPool/configure.zcml')
DEB [20130220-17:59:11.017] thr=2   paramiko.transport.sftp: [chan 1] stat('/opt/zenpacks/ZenPacks.test.ZPool/build/lib/ZenPacks/test/ZPool/ZPoolComponent.py')
DEB [20130220-17:59:11.018] thr=2   paramiko.transport.sftp: [chan 1] stat('/opt/zenpacks/ZenPacks.test.ZPool/build/lib/ZenPacks/test/ZPool/__init__.pyc')
DEB [20130220-17:59:11.020] thr=2   paramiko.transport.sftp: [chan 1] stat('/opt/zenpacks/ZenPacks.test.ZPool/build/lib/ZenPacks/test/ZPool/__init__.pyo')
DEB [20130220-17:59:11.021] thr=2   paramiko.transport.sftp: [chan 1] stat('/opt/zenpacks/ZenPacks.test.ZPool/build/lib/ZenPacks/test/ZPool/__init__.py')
DEB [20130220-17:59:11.022] thr=2   paramiko.transport.sftp: [chan 1] stat('/opt/zenpacks/ZenPacks.test.ZPool/build/lib/ZenPacks/test/ZPool/resources')
DEB [20130220-17:59:11.023] thr=2   paramiko.transport.sftp: [chan 1] listdir('/opt/zenpacks/ZenPacks.test.ZPool/build/lib/ZenPacks/test/ZPool/resources')
DEB [20130220-17:59:11.028] thr=2   paramiko.transport.sftp: [chan 1] stat('/opt/zenpacks/ZenPacks.test.ZPool/build/lib/ZenPacks/test/ZPool/resources/ZPool.js')
DEB [20130220-17:59:11.029] thr=2   paramiko.transport.sftp: [chan 1] stat('/opt/zenpacks/ZenPacks.test.ZPool/build/lib/ZenPacks/test/ZPool/.ZPoolComponent.py.swp')
DEB [20130220-17:59:11.031] thr=2   paramiko.transport.sftp: [chan 1] stat('/opt/zenpacks/ZenPacks.test.ZPool/build/lib/ZenPacks/test/ZPool/ZPoolDevice.py')
DEB [20130220-17:59:11.032] thr=2   paramiko.transport.sftp: [chan 1] stat('/opt/zenpacks/ZenPacks.test.ZPool/build/lib/ZenPacks/test/ZPool/info.py')
DEB [20130220-17:59:11.033] thr=2   paramiko.transport.sftp: [chan 1] stat('/opt/zenpacks/ZenPacks.test.ZPool/build/lib/ZenPacks/test/ZPool/modeler')
DEB [20130220-17:59:11.034] thr=2   paramiko.transport.sftp: [chan 1] listdir('/opt/zenpacks/ZenPacks.test.ZPool/build/lib/ZenPacks/test/ZPool/modeler')
DEB [20130220-17:59:11.039] thr=2   paramiko.transport.sftp: [chan 1] stat('/opt/zenpacks/ZenPacks.test.ZPool/build/lib/ZenPacks/test/ZPool/modeler/__init__.pyc')
DEB [20130220-17:59:11.041] thr=2   paramiko.transport.sftp: [chan 1] stat('/opt/zenpacks/ZenPacks.test.ZPool/build/lib/ZenPacks/test/ZPool/modeler/__init__.pyo')
DEB [20130220-17:59:11.042] thr=2   paramiko.transport.sftp: [chan 1] stat('/opt/zenpacks/ZenPacks.test.ZPool/build/lib/ZenPacks/test/ZPool/modeler/__init__.py')
DEB [20130220-17:59:11.043] thr=2   paramiko.transport.sftp: [chan 1] stat('/opt/zenpacks/ZenPacks.test.ZPool/build/lib/ZenPacks/test/ZPool/modeler/plugins')
DEB [20130220-17:59:11.045] thr=2   paramiko.transport.sftp: [chan 1] listdir('/opt/zenpacks/ZenPacks.test.ZPool/build/lib/ZenPacks/test/ZPool/modeler/plugins')
DEB [20130220-17:59:11.050] thr=2   paramiko.transport.sftp: [chan 1] stat('/opt/zenpacks/ZenPacks.test.ZPool/build/lib/ZenPacks/test/ZPool/modeler/plugins/ZPoolDeviceDetailsModeler.py')
DEB [20130220-17:59:11.051] thr=2   paramiko.transport.sftp: [chan 1] stat('/opt/zenpacks/ZenPacks.test.ZPool/build/lib/ZenPacks/test/ZPool/modeler/plugins/a.log')
DEB [20130220-17:59:11.053] thr=2   paramiko.transport.sftp: [chan 1] stat('/opt/zenpacks/ZenPacks.test.ZPool/build/lib/ZenPacks/test/ZPool/modeler/plugins/__init__.pyc')
DEB [20130220-17:59:11.054] thr=2   paramiko.transport.sftp: [chan 1] stat('/opt/zenpacks/ZenPacks.test.ZPool/build/lib/ZenPacks/test/ZPool/modeler/plugins/__init__.pyo')
DEB [20130220-17:59:11.055] thr=2   paramiko.transport.sftp: [chan 1] stat('/opt/zenpacks/ZenPacks.test.ZPool/build/lib/ZenPacks/test/ZPool/modeler/plugins/__init__.py')
DEB [20130220-17:59:11.057] thr=2   paramiko.transport.sftp: [chan 1] stat('/opt/zenpacks/ZenPacks.test.ZPool/build/lib/ZenPacks/test/ZPool/modeler/plugins/ZPoolDeviceDetailsModeler.pyc')
DEB [20130220-17:59:11.058] thr=2   paramiko.transport.sftp: [chan 1] stat('/opt/zenpacks/ZenPacks.test.ZPool/build/lib/ZenPacks/test/ZPool/ZPoolComponent.pyc')
DEB [20130220-17:59:11.059] thr=2   paramiko.transport.sftp: [chan 1] stat('/opt/zenpacks/ZenPacks.test.ZPool/build/lib/ZenPacks/test/ZPool/tests')
DEB [20130220-17:59:11.060] thr=2   paramiko.transport.sftp: [chan 1] listdir('/opt/zenpacks/ZenPacks.test.ZPool/build/lib/ZenPacks/test/ZPool/tests')
DEB [20130220-17:59:11.065] thr=2   paramiko.transport.sftp: [chan 1] stat('/opt/zenpacks/ZenPacks.test.ZPool/build/lib/ZenPacks/test/ZPool/tests/__init__.pyo')
DEB [20130220-17:59:11.066] thr=2   paramiko.transport.sftp: [chan 1] stat('/opt/zenpacks/ZenPacks.test.ZPool/build/lib/ZenPacks/test/ZPool/tests/__init__.py')
DEB [20130220-17:59:11.068] thr=2   paramiko.transport.sftp: [chan 1] stat('/opt/zenpacks/ZenPacks.test.ZPool/build/lib/ZenPacks/test/ZPool/datasources')
DEB [20130220-17:59:11.069] thr=2   paramiko.transport.sftp: [chan 1] listdir('/opt/zenpacks/ZenPacks.test.ZPool/build/lib/ZenPacks/test/ZPool/datasources')
DEB [20130220-17:59:11.114] thr=2   paramiko.transport.sftp: [chan 1] stat('/opt/zenpacks/ZenPacks.test.ZPool/build/lib/ZenPacks/test/ZPool/datasources/__init__.pyo')
DEB [20130220-17:59:11.115] thr=2   paramiko.transport.sftp: [chan 1] stat('/opt/zenpacks/ZenPacks.test.ZPool/build/lib/ZenPacks/test/ZPool/datasources/__init__.py')
DEB [20130220-17:59:11.116] thr=2   paramiko.transport.sftp: [chan 1] stat('/opt/zenpacks/ZenPacks.test.ZPool/build/lib/ZenPacks/test/ZPool/objects')
DEB [20130220-17:59:11.117] thr=2   paramiko.transport.sftp: [chan 1] listdir('/opt/zenpacks/ZenPacks.test.ZPool/build/lib/ZenPacks/test/ZPool/objects')
DEB [20130220-17:59:11.122] thr=2   paramiko.transport.sftp: [chan 1] stat('/opt/zenpacks/ZenPacks.test.ZPool/build/lib/ZenPacks/test/ZPool/objects/objects.xml')
DEB [20130220-17:59:11.123] thr=2   paramiko.transport.sftp: [chan 1] stat('/opt/zenpacks/ZenPacks.test.ZPool/build/lib/ZenPacks/test/ZPool/objects/.objects.xml.swp')
DEB [20130220-17:59:11.125] thr=2   paramiko.transport.sftp: [chan 1] stat('/opt/zenpacks/ZenPacks.test.ZPool/build/lib/ZenPacks/test/__init__.pyc')
DEB [20130220-17:59:11.126] thr=2   paramiko.transport.sftp: [chan 1] stat('/opt/zenpacks/ZenPacks.test.ZPool/build/lib/ZenPacks/test/__init__.py')
DEB [20130220-17:59:11.127] thr=2   paramiko.transport.sftp: [chan 1] stat('/opt/zenpacks/ZenPacks.test.ZPool/build/lib/ZenPacks/__init__.pyc')
DEB [20130220-17:59:11.128] thr=2   paramiko.transport.sftp: [chan 1] stat('/opt/zenpacks/ZenPacks.test.ZPool/build/lib/ZenPacks/__init__.py')
DEB [20130220-17:59:11.130] thr=2   paramiko.transport.sftp: [chan 1] stat('/opt/zenpacks/ZenPacks.test.ZPool/build/bdist.linux-x86_64')
DEB [20130220-17:59:11.131] thr=2   paramiko.transport.sftp: [chan 1] listdir('/opt/zenpacks/ZenPacks.test.ZPool/build/bdist.linux-x86_64')
DEB [20130220-17:59:11.136] thr=2   paramiko.transport.sftp: [chan 1] stat('/opt/zenpacks/ZenPacks.test.ZPool/build/bdist.linux-i686')
DEB [20130220-17:59:11.137] thr=2   paramiko.transport.sftp: [chan 1] listdir('/opt/zenpacks/ZenPacks.test.ZPool/build/bdist.linux-i686')
DEB [20130220-17:59:11.141] thr=2   paramiko.transport.sftp: [chan 1] stat('/opt/zenpacks/ZenPacks.test.ZPool/dist')
DEB [20130220-17:59:11.143] thr=2   paramiko.transport.sftp: [chan 1] listdir('/opt/zenpacks/ZenPacks.test.ZPool/dist')
DEB [20130220-17:59:11.147] thr=2   paramiko.transport.sftp: [chan 1] stat('/opt/zenpacks/ZenPacks.test.ZPool/dist/ZenPacks.test.ZPool-3.5-py2.6.egg')
DEB [20130220-17:59:11.148] thr=2   paramiko.transport.sftp: [chan 1] stat('/opt/zenpacks/ZenPacks.test.ZPool.zip')
DEB [20130220-17:59:11.150] thr=2   paramiko.transport.sftp: [chan 1] stat('/opt/zenpacks/dir11')
DEB [20130220-17:59:11.151] thr=2   paramiko.transport.sftp: [chan 1] listdir('/opt/zenpacks/dir11')
DEB [20130220-17:59:11.155] thr=2   paramiko.transport.sftp: [chan 1] stat('/opt/zenpacks/dir345')
DEB [20130220-17:59:11.157] thr=2   paramiko.transport.sftp: [chan 1] listdir('/opt/zenpacks/dir345')
DEB [20130220-17:59:11.161] thr=2   paramiko.transport.sftp: [chan 1] stat('/opt/zenpacks/dir123')
DEB [20130220-17:59:11.162] thr=2   paramiko.transport.sftp: [chan 1] listdir('/opt/zenpacks/dir123')
DEB [20130220-17:59:11.266] thr=1   paramiko.transport: EOF in transport thread
