DEB [20130315-11:19:46.120] thr=1   paramiko.transport: starting thread (client mode): 0xf782040cL
INF [20130315-11:19:46.151] thr=1   paramiko.transport: Connected (version 2.0, client OpenSSH_4.3)
DEB [20130315-11:19:46.172] thr=1   paramiko.transport: kex algos:['diffie-hellman-group-exchange-sha1', 'diffie-hellman-group14-sha1', 'diffie-hellman-group1-sha1'] server key:['ssh-rsa', 'ssh-dss'] client encrypt:['aes128-cbc', '3des-cbc', 'blowfish-cbc', 'cast128-cbc', 'arcfour128', 'arcfour256', 'arcfour', 'aes192-cbc', 'aes256-cbc', 'rijndael-cbc@lysator.liu.se', 'aes128-ctr', 'aes192-ctr', 'aes256-ctr'] server encrypt:['aes128-cbc', '3des-cbc', 'blowfish-cbc', 'cast128-cbc', 'arcfour128', 'arcfour256', 'arcfour', 'aes192-cbc', 'aes256-cbc', 'rijndael-cbc@lysator.liu.se', 'aes128-ctr', 'aes192-ctr', 'aes256-ctr'] client mac:['hmac-md5', 'hmac-sha1', 'hmac-ripemd160', 'hmac-ripemd160@openssh.com', 'hmac-sha1-96', 'hmac-md5-96'] server mac:['hmac-md5', 'hmac-sha1', 'hmac-ripemd160', 'hmac-ripemd160@openssh.com', 'hmac-sha1-96', 'hmac-md5-96'] client compress:['none', 'zlib@openssh.com'] server compress:['none', 'zlib@openssh.com'] client lang:[''] server lang:[''] kex follows?False
DEB [20130315-11:19:46.173] thr=1   paramiko.transport: Ciphers agreed: local=aes128-ctr, remote=aes128-ctr
DEB [20130315-11:19:46.173] thr=1   paramiko.transport: using kex diffie-hellman-group1-sha1; server key type ssh-rsa; cipher: local aes128-ctr, remote aes128-ctr; mac: local hmac-sha1, remote hmac-sha1; compression: local none, remote none
DEB [20130315-11:19:46.529] thr=1   paramiko.transport: Switch to new keys ...
DEB [20130315-11:19:46.542] thr=2   paramiko.transport: Attempting password auth...
DEB [20130315-11:19:46.566] thr=1   paramiko.transport: userauth is OK
INF [20130315-11:19:46.674] thr=1   paramiko.transport: Authentication (password) successful!
DEB [20130315-11:19:46.681] thr=2   paramiko.transport: [chan 1] Max packet in: 34816 bytes
DEB [20130315-11:19:46.686] thr=1   paramiko.transport: [chan 1] Max packet out: 32768 bytes
INF [20130315-11:19:46.686] thr=1   paramiko.transport: Secsh channel 1 opened.
DEB [20130315-11:19:46.759] thr=1   paramiko.transport: [chan 1] Sesch channel 1 request ok
INF [20130315-11:19:47.026] thr=2   paramiko.transport.sftp: [chan 1] Opened sftp connection (server version 3)
DEB [20130315-11:19:47.027] thr=2   paramiko.transport.sftp: [chan 1] stat('/opt/zenpacks/dir11')
DEB [20130315-11:19:47.034] thr=2   paramiko.transport.sftp: [chan 1] stat('/opt/zenpacks/dir11')
DEB [20130315-11:19:47.039] thr=2   paramiko.transport.sftp: [chan 1] listdir('/opt/zenpacks/dir11')
DEB [20130315-11:19:47.070] thr=2   paramiko.transport.sftp: [chan 1] stat('/opt/zenpacks/dir11/dir11.1')
DEB [20130315-11:19:47.075] thr=2   paramiko.transport.sftp: [chan 1] listdir('/opt/zenpacks/dir11/dir11.1')
DEB [20130315-11:19:47.092] thr=2   paramiko.transport.sftp: [chan 1] stat('/opt/zenpacks/dir11/dir11.1/file.txt')
DEB [20130315-11:19:47.096] thr=2   paramiko.transport.sftp: [chan 1] stat('/opt/zenpacks/dir11/dir11.1/sqlnet.log')
DEB [20130315-11:19:47.101] thr=2   paramiko.transport.sftp: [chan 1] stat('/opt/zenpacks/dir11/dir11.3')
DEB [20130315-11:19:47.105] thr=2   paramiko.transport.sftp: [chan 1] listdir('/opt/zenpacks/dir11/dir11.3')
DEB [20130315-11:19:47.120] thr=2   paramiko.transport.sftp: [chan 1] stat('/opt/zenpacks/dir11/file1.txt')
DEB [20130315-11:19:47.124] thr=2   paramiko.transport.sftp: [chan 1] stat('/opt/zenpacks/dir11/xxzx.png')
DEB [20130315-11:19:47.128] thr=2   paramiko.transport.sftp: [chan 1] stat('/opt/zenpacks/dir11/wallProxy.lnk')
DEB [20130315-11:19:47.132] thr=2   paramiko.transport.sftp: [chan 1] stat('/opt/zenpacks/dir11/dir11.4')
DEB [20130315-11:19:47.136] thr=2   paramiko.transport.sftp: [chan 1] listdir('/opt/zenpacks/dir11/dir11.4')
DEB [20130315-11:19:47.152] thr=2   paramiko.transport.sftp: [chan 1] stat('/opt/zenpacks/dir11/readme.txt')
DEB [20130315-11:19:47.156] thr=2   paramiko.transport.sftp: [chan 1] stat('/opt/zenpacks/dir11/nagvis-1.5.8.tar.gz')
DEB [20130315-11:19:47.160] thr=2   paramiko.transport.sftp: [chan 1] stat('/opt/zenpacks/dir11/dir11.2')
DEB [20130315-11:19:47.165] thr=2   paramiko.transport.sftp: [chan 1] listdir('/opt/zenpacks/dir11/dir11.2')
DEB [20130315-11:19:47.181] thr=2   paramiko.transport.sftp: [chan 1] stat('/opt/zenpacks/dir11/dir11.2/file.txt')
DEB [20130315-11:19:47.185] thr=2   paramiko.transport.sftp: [chan 1] stat('/opt/zenpacks/dir11/gpsCloudAuto.tar.bz2')
DEB [20130315-11:19:47.189] thr=2   paramiko.transport.sftp: [chan 1] stat('/opt/zenpacks/dir11/a.txt')
DEB [20130315-11:19:47.193] thr=2   paramiko.transport.sftp: [chan 1] stat('/opt/zenpacks/dir11/zenpacks')
DEB [20130315-11:19:47.198] thr=2   paramiko.transport.sftp: [chan 1] listdir('/opt/zenpacks/dir11/zenpacks')
DEB [20130315-11:19:47.217] thr=2   paramiko.transport.sftp: [chan 1] stat('/opt/zenpacks/dir11/zenpacks/dir11.old1')
DEB [20130315-11:19:47.221] thr=2   paramiko.transport.sftp: [chan 1] listdir('/opt/zenpacks/dir11/zenpacks/dir11.old1')
DEB [20130315-11:19:47.244] thr=2   paramiko.transport.sftp: [chan 1] stat('/opt/zenpacks/dir11/zenpacks/dir11.old1/\xc7\xfd\xb6\xaf\xbe\xab\xc1\xe9.zip')
DEB [20130315-11:19:47.248] thr=2   paramiko.transport.sftp: [chan 1] stat('/opt/zenpacks/dir11/zenpacks/dir11.old1/dir11.1')
DEB [20130315-11:19:47.253] thr=2   paramiko.transport.sftp: [chan 1] listdir('/opt/zenpacks/dir11/zenpacks/dir11.old1/dir11.1')
DEB [20130315-11:19:47.308] thr=2   paramiko.transport.sftp: [chan 1] stat('/opt/zenpacks/dir11/zenpacks/dir11.old1/dir11.1/file.txt')
DEB [20130315-11:19:47.312] thr=2   paramiko.transport.sftp: [chan 1] stat('/opt/zenpacks/dir11/zenpacks/dir11.old1/dir11.3')
DEB [20130315-11:19:47.316] thr=2   paramiko.transport.sftp: [chan 1] listdir('/opt/zenpacks/dir11/zenpacks/dir11.old1/dir11.3')
DEB [20130315-11:19:47.335] thr=2   paramiko.transport.sftp: [chan 1] stat('/opt/zenpacks/dir11/zenpacks/dir11.old1/file1.txt')
DEB [20130315-11:19:47.340] thr=2   paramiko.transport.sftp: [chan 1] stat('/opt/zenpacks/dir11/zenpacks/dir11.old1/xxzx.png')
DEB [20130315-11:19:47.345] thr=2   paramiko.transport.sftp: [chan 1] stat('/opt/zenpacks/dir11/zenpacks/dir11.old1/dir11.4')
DEB [20130315-11:19:47.350] thr=2   paramiko.transport.sftp: [chan 1] listdir('/opt/zenpacks/dir11/zenpacks/dir11.old1/dir11.4')
DEB [20130315-11:19:47.369] thr=2   paramiko.transport.sftp: [chan 1] stat('/opt/zenpacks/dir11/zenpacks/dir11.old1/readme.txt')
DEB [20130315-11:19:47.375] thr=2   paramiko.transport.sftp: [chan 1] stat('/opt/zenpacks/dir11/zenpacks/dir11.old1/WPS.19.106.zip')
DEB [20130315-11:19:47.380] thr=2   paramiko.transport.sftp: [chan 1] stat('/opt/zenpacks/dir11/zenpacks/dir11.old1/dir11.2')
DEB [20130315-11:19:47.386] thr=2   paramiko.transport.sftp: [chan 1] listdir('/opt/zenpacks/dir11/zenpacks/dir11.old1/dir11.2')
DEB [20130315-11:19:47.402] thr=2   paramiko.transport.sftp: [chan 1] stat('/opt/zenpacks/dir11/zenpacks/dir11.old1/dir11.2/file.txt')
DEB [20130315-11:19:47.407] thr=2   paramiko.transport.sftp: [chan 1] stat('/opt/zenpacks/dir11/zenpacks/dir11.old1/gpsCloudAuto.tar.bz2')
DEB [20130315-11:19:47.411] thr=2   paramiko.transport.sftp: [chan 1] stat('/opt/zenpacks/dir11/zenpacks/dir11.old1/a.txt')
DEB [20130315-11:19:47.416] thr=2   paramiko.transport.sftp: [chan 1] stat('/opt/zenpacks/dir11/zenpacks/dir11.old')
DEB [20130315-11:19:47.420] thr=2   paramiko.transport.sftp: [chan 1] listdir('/opt/zenpacks/dir11/zenpacks/dir11.old')
DEB [20130315-11:19:47.436] thr=2   paramiko.transport.sftp: [chan 1] stat('/opt/zenpacks/dir11/zenpacks/dir11.bak')
DEB [20130315-11:19:47.440] thr=2   paramiko.transport.sftp: [chan 1] listdir('/opt/zenpacks/dir11/zenpacks/dir11.bak')
DEB [20130315-11:19:47.456] thr=2   paramiko.transport.sftp: [chan 1] stat('/opt/zenpacks/dir11/zenpacks/dir11.bak/dir11')
DEB [20130315-11:19:47.460] thr=2   paramiko.transport.sftp: [chan 1] listdir('/opt/zenpacks/dir11/zenpacks/dir11.bak/dir11')
DEB [20130315-11:19:47.475] thr=2   paramiko.transport.sftp: [chan 1] stat('/opt/zenpacks/dir11/zenpacks/dir11')
DEB [20130315-11:19:47.479] thr=2   paramiko.transport.sftp: [chan 1] listdir('/opt/zenpacks/dir11/zenpacks/dir11')
DEB [20130315-11:19:47.500] thr=2   paramiko.transport.sftp: [chan 1] stat('/opt/zenpacks/dir11/zenpacks/dir11/\xc7\xfd\xb6\xaf\xbe\xab\xc1\xe9.zip')
DEB [20130315-11:19:47.505] thr=2   paramiko.transport.sftp: [chan 1] stat('/opt/zenpacks/dir11/zenpacks/dir11/dir11.1')
DEB [20130315-11:19:47.509] thr=2   paramiko.transport.sftp: [chan 1] listdir('/opt/zenpacks/dir11/zenpacks/dir11/dir11.1')
DEB [20130315-11:19:47.524] thr=2   paramiko.transport.sftp: [chan 1] stat('/opt/zenpacks/dir11/zenpacks/dir11/dir11.1/file.txt')
DEB [20130315-11:19:47.528] thr=2   paramiko.transport.sftp: [chan 1] stat('/opt/zenpacks/dir11/zenpacks/dir11/dir11.1/sqlnet.log')
DEB [20130315-11:19:47.532] thr=2   paramiko.transport.sftp: [chan 1] stat('/opt/zenpacks/dir11/zenpacks/dir11/dir11.3')
DEB [20130315-11:19:47.536] thr=2   paramiko.transport.sftp: [chan 1] listdir('/opt/zenpacks/dir11/zenpacks/dir11/dir11.3')
DEB [20130315-11:19:47.553] thr=2   paramiko.transport.sftp: [chan 1] stat('/opt/zenpacks/dir11/zenpacks/dir11/file1.txt')
DEB [20130315-11:19:47.557] thr=2   paramiko.transport.sftp: [chan 1] stat('/opt/zenpacks/dir11/zenpacks/dir11/xxzx.png')
DEB [20130315-11:19:47.561] thr=2   paramiko.transport.sftp: [chan 1] stat('/opt/zenpacks/dir11/zenpacks/dir11/dir11.4')
DEB [20130315-11:19:47.565] thr=2   paramiko.transport.sftp: [chan 1] listdir('/opt/zenpacks/dir11/zenpacks/dir11/dir11.4')
DEB [20130315-11:19:47.578] thr=2   paramiko.transport.sftp: [chan 1] stat('/opt/zenpacks/dir11/zenpacks/dir11/readme.txt')
DEB [20130315-11:19:47.582] thr=2   paramiko.transport.sftp: [chan 1] stat('/opt/zenpacks/dir11/zenpacks/dir11/dir11.2')
DEB [20130315-11:19:47.585] thr=2   paramiko.transport.sftp: [chan 1] listdir('/opt/zenpacks/dir11/zenpacks/dir11/dir11.2')
DEB [20130315-11:19:47.596] thr=2   paramiko.transport.sftp: [chan 1] stat('/opt/zenpacks/dir11/zenpacks/dir11/dir11.2/file.txt')
DEB [20130315-11:19:47.599] thr=2   paramiko.transport.sftp: [chan 1] stat('/opt/zenpacks/dir11/zenpacks/dir11/gpsCloudAuto.tar.bz2')
DEB [20130315-11:19:47.602] thr=2   paramiko.transport.sftp: [chan 1] stat('/opt/zenpacks/dir11/zenpacks/dir11/a.txt')
DEB [20130315-11:19:47.619] thr=2   paramiko.transport.sftp: [chan 1] open('/opt/zenpacks/dir11/dir11.1/file.txt', 'rb')
DEB [20130315-11:19:47.624] thr=2   paramiko.transport.sftp: [chan 1] open('/opt/zenpacks/dir11/dir11.1/file.txt', 'rb') -> 00000000
DEB [20130315-11:19:47.625] thr=2   paramiko.transport.sftp: [chan 1] stat('/opt/zenpacks/dir11/dir11.1/file.txt')
DEB [20130315-11:19:47.638] thr=2   paramiko.transport.sftp: [chan 1] close(00000000)
DEB [20130315-11:19:47.642] thr=2   paramiko.transport.sftp: [chan 1] open('/opt/zenpacks/dir11/dir11.1/sqlnet.log', 'rb')
DEB [20130315-11:19:47.646] thr=2   paramiko.transport.sftp: [chan 1] open('/opt/zenpacks/dir11/dir11.1/sqlnet.log', 'rb') -> 00000000
DEB [20130315-11:19:47.647] thr=2   paramiko.transport.sftp: [chan 1] stat('/opt/zenpacks/dir11/dir11.1/sqlnet.log')
DEB [20130315-11:19:47.713] thr=2   paramiko.transport.sftp: [chan 1] close(00000000)
DEB [20130315-11:19:47.718] thr=2   paramiko.transport.sftp: [chan 1] open('/opt/zenpacks/dir11/file1.txt', 'rb')
DEB [20130315-11:19:47.723] thr=2   paramiko.transport.sftp: [chan 1] open('/opt/zenpacks/dir11/file1.txt', 'rb') -> 00000000
DEB [20130315-11:19:47.723] thr=2   paramiko.transport.sftp: [chan 1] stat('/opt/zenpacks/dir11/file1.txt')
DEB [20130315-11:19:47.734] thr=2   paramiko.transport.sftp: [chan 1] close(00000000)
DEB [20130315-11:19:47.739] thr=2   paramiko.transport.sftp: [chan 1] open('/opt/zenpacks/dir11/xxzx.png', 'rb')
DEB [20130315-11:19:47.743] thr=2   paramiko.transport.sftp: [chan 1] open('/opt/zenpacks/dir11/xxzx.png', 'rb') -> 00000000
DEB [20130315-11:19:47.744] thr=2   paramiko.transport.sftp: [chan 1] stat('/opt/zenpacks/dir11/xxzx.png')
DEB [20130315-11:19:47.905] thr=2   paramiko.transport.sftp: [chan 1] close(00000000)
DEB [20130315-11:19:47.910] thr=2   paramiko.transport.sftp: [chan 1] open('/opt/zenpacks/dir11/wallProxy.lnk', 'rb')
DEB [20130315-11:19:47.914] thr=2   paramiko.transport.sftp: [chan 1] open('/opt/zenpacks/dir11/wallProxy.lnk', 'rb') -> 00000000
DEB [20130315-11:19:47.915] thr=2   paramiko.transport.sftp: [chan 1] stat('/opt/zenpacks/dir11/wallProxy.lnk')
DEB [20130315-11:19:47.940] thr=2   paramiko.transport.sftp: [chan 1] close(00000000)
DEB [20130315-11:19:47.945] thr=2   paramiko.transport.sftp: [chan 1] open('/opt/zenpacks/dir11/readme.txt', 'rb')
DEB [20130315-11:19:47.949] thr=2   paramiko.transport.sftp: [chan 1] open('/opt/zenpacks/dir11/readme.txt', 'rb') -> 00000000
DEB [20130315-11:19:47.950] thr=2   paramiko.transport.sftp: [chan 1] stat('/opt/zenpacks/dir11/readme.txt')
DEB [20130315-11:19:47.972] thr=2   paramiko.transport.sftp: [chan 1] close(00000000)
DEB [20130315-11:19:47.977] thr=2   paramiko.transport.sftp: [chan 1] open('/opt/zenpacks/dir11/nagvis-1.5.8.tar.gz', 'rb')
DEB [20130315-11:19:47.981] thr=2   paramiko.transport.sftp: [chan 1] open('/opt/zenpacks/dir11/nagvis-1.5.8.tar.gz', 'rb') -> 00000000
DEB [20130315-11:19:47.981] thr=2   paramiko.transport.sftp: [chan 1] stat('/opt/zenpacks/dir11/nagvis-1.5.8.tar.gz')
DEB [20130315-11:19:50.437] thr=2   paramiko.transport.sftp: [chan 1] close(00000000)
DEB [20130315-11:19:50.442] thr=2   paramiko.transport.sftp: [chan 1] open('/opt/zenpacks/dir11/dir11.2/file.txt', 'rb')
DEB [20130315-11:19:50.447] thr=2   paramiko.transport.sftp: [chan 1] open('/opt/zenpacks/dir11/dir11.2/file.txt', 'rb') -> 00000000
DEB [20130315-11:19:50.448] thr=2   paramiko.transport.sftp: [chan 1] stat('/opt/zenpacks/dir11/dir11.2/file.txt')
DEB [20130315-11:19:50.461] thr=2   paramiko.transport.sftp: [chan 1] close(00000000)
DEB [20130315-11:19:50.466] thr=2   paramiko.transport.sftp: [chan 1] open('/opt/zenpacks/dir11/gpsCloudAuto.tar.bz2', 'rb')
DEB [20130315-11:19:50.471] thr=2   paramiko.transport.sftp: [chan 1] open('/opt/zenpacks/dir11/gpsCloudAuto.tar.bz2', 'rb') -> 00000000
DEB [20130315-11:19:50.472] thr=2   paramiko.transport.sftp: [chan 1] stat('/opt/zenpacks/dir11/gpsCloudAuto.tar.bz2')
DEB [20130315-11:19:51.470] thr=2   paramiko.transport.sftp: [chan 1] close(00000000)
DEB [20130315-11:19:51.474] thr=2   paramiko.transport.sftp: [chan 1] open('/opt/zenpacks/dir11/a.txt', 'rb')
DEB [20130315-11:19:51.479] thr=2   paramiko.transport.sftp: [chan 1] open('/opt/zenpacks/dir11/a.txt', 'rb') -> 00000000
DEB [20130315-11:19:51.480] thr=2   paramiko.transport.sftp: [chan 1] stat('/opt/zenpacks/dir11/a.txt')
DEB [20130315-11:19:51.493] thr=2   paramiko.transport.sftp: [chan 1] close(00000000)
DEB [20130315-11:19:51.562] thr=2   paramiko.transport.sftp: [chan 1] open('/opt/zenpacks/dir11/nagvis-1.5.8.tar.gz', 'rb')
DEB [20130315-11:19:51.568] thr=2   paramiko.transport.sftp: [chan 1] open('/opt/zenpacks/dir11/nagvis-1.5.8.tar.gz', 'rb') -> 00000000
DEB [20130315-11:19:51.569] thr=2   paramiko.transport.sftp: [chan 1] stat('/opt/zenpacks/dir11/nagvis-1.5.8.tar.gz')
DEB [20130315-11:19:53.804] thr=2   paramiko.transport.sftp: [chan 1] close(00000000)
DEB [20130315-11:19:53.809] thr=2   paramiko.transport.sftp: [chan 1] open('/opt/zenpacks/dir11/wallProxy.lnk', 'rb')
DEB [20130315-11:19:53.815] thr=2   paramiko.transport.sftp: [chan 1] open('/opt/zenpacks/dir11/wallProxy.lnk', 'rb') -> 00000000
DEB [20130315-11:19:53.816] thr=2   paramiko.transport.sftp: [chan 1] stat('/opt/zenpacks/dir11/wallProxy.lnk')
DEB [20130315-11:19:53.840] thr=2   paramiko.transport.sftp: [chan 1] close(00000000)
DEB [20130315-11:19:53.846] thr=2   paramiko.transport.sftp: [chan 1] open('/opt/zenpacks/dir11/zenpacks', 'rb')
DEB [20130315-11:19:53.852] thr=2   paramiko.transport.sftp: [chan 1] open('/opt/zenpacks/dir11/zenpacks', 'rb') -> 00000000
DEB [20130315-11:19:53.853] thr=2   paramiko.transport.sftp: [chan 1] stat('/opt/zenpacks/dir11/zenpacks')
DEB [20130315-11:19:53.870] thr=2   paramiko.transport.sftp: [chan 1] close(00000000)
